{"/home/ramonsouto/projetos/agenda/backend/src/config/database.js": {"path":"/home/ramonsouto/projetos/agenda/backend/src/config/database.js","statementMap":{"0":{"start":{"line":1,"column":14},"end":{"line":1,"column":39}},"1":{"start":{"line":2,"column":15},"end":{"line":2,"column":31}},"2":{"start":{"line":6,"column":8},"end":{"line":6,"column":25}},"3":{"start":{"line":10,"column":8},"end":{"line":24,"column":9}},"4":{"start":{"line":11,"column":12},"end":{"line":11,"column":58}},"5":{"start":{"line":13,"column":12},"end":{"line":13,"column":61}},"6":{"start":{"line":16,"column":31},"end":{"line":16,"column":62}},"7":{"start":{"line":17,"column":12},"end":{"line":17,"column":63}},"8":{"start":{"line":18,"column":12},"end":{"line":18,"column":33}},"9":{"start":{"line":20,"column":12},"end":{"line":20,"column":29}},"10":{"start":{"line":22,"column":12},"end":{"line":22,"column":82}},"11":{"start":{"line":23,"column":12},"end":{"line":23,"column":24}},"12":{"start":{"line":28,"column":8},"end":{"line":30,"column":9}},"13":{"start":{"line":29,"column":12},"end":{"line":29,"column":89}},"14":{"start":{"line":31,"column":8},"end":{"line":31,"column":25}},"15":{"start":{"line":35,"column":27},"end":{"line":35,"column":58}},"16":{"start":{"line":36,"column":8},"end":{"line":41,"column":9}},"17":{"start":{"line":37,"column":27},"end":{"line":37,"column":64}},"18":{"start":{"line":38,"column":12},"end":{"line":38,"column":24}},"19":{"start":{"line":40,"column":12},"end":{"line":40,"column":33}},"20":{"start":{"line":45,"column":27},"end":{"line":45,"column":58}},"21":{"start":{"line":46,"column":8},"end":{"line":56,"column":9}},"22":{"start":{"line":47,"column":12},"end":{"line":47,"column":48}},"23":{"start":{"line":48,"column":27},"end":{"line":48,"column":53}},"24":{"start":{"line":49,"column":12},"end":{"line":49,"column":38}},"25":{"start":{"line":50,"column":12},"end":{"line":50,"column":26}},"26":{"start":{"line":52,"column":12},"end":{"line":52,"column":40}},"27":{"start":{"line":53,"column":12},"end":{"line":53,"column":24}},"28":{"start":{"line":55,"column":12},"end":{"line":55,"column":33}},"29":{"start":{"line":60,"column":8},"end":{"line":63,"column":9}},"30":{"start":{"line":61,"column":12},"end":{"line":61,"column":34}},"31":{"start":{"line":62,"column":12},"end":{"line":62,"column":67}},"32":{"start":{"line":67,"column":0},"end":{"line":67,"column":32}}},"fnMap":{"0":{"name":"(anonymous_0)","decl":{"start":{"line":5,"column":4},"end":{"line":5,"column":5}},"loc":{"start":{"line":5,"column":18},"end":{"line":7,"column":5}},"line":5},"1":{"name":"(anonymous_1)","decl":{"start":{"line":9,"column":4},"end":{"line":9,"column":5}},"loc":{"start":{"line":9,"column":20},"end":{"line":25,"column":5}},"line":9},"2":{"name":"(anonymous_2)","decl":{"start":{"line":27,"column":4},"end":{"line":27,"column":5}},"loc":{"start":{"line":27,"column":14},"end":{"line":32,"column":5}},"line":27},"3":{"name":"(anonymous_3)","decl":{"start":{"line":34,"column":4},"end":{"line":34,"column":5}},"loc":{"start":{"line":34,"column":34},"end":{"line":42,"column":5}},"line":34},"4":{"name":"(anonymous_4)","decl":{"start":{"line":44,"column":4},"end":{"line":44,"column":5}},"loc":{"start":{"line":44,"column":32},"end":{"line":57,"column":5}},"line":44},"5":{"name":"(anonymous_5)","decl":{"start":{"line":59,"column":4},"end":{"line":59,"column":5}},"loc":{"start":{"line":59,"column":18},"end":{"line":64,"column":5}},"line":59}},"branchMap":{"0":{"loc":{"start":{"line":28,"column":8},"end":{"line":30,"column":9}},"type":"if","locations":[{"start":{"line":28,"column":8},"end":{"line":30,"column":9}},{"start":{},"end":{}}],"line":28},"1":{"loc":{"start":{"line":34,"column":21},"end":{"line":34,"column":32}},"type":"default-arg","locations":[{"start":{"line":34,"column":30},"end":{"line":34,"column":32}}],"line":34},"2":{"loc":{"start":{"line":60,"column":8},"end":{"line":63,"column":9}},"type":"if","locations":[{"start":{"line":60,"column":8},"end":{"line":63,"column":9}},{"start":{},"end":{}}],"line":60}},"s":{"0":4,"1":4,"2":4,"3":0,"4":0,"5":0,"6":0,"7":0,"8":0,"9":0,"10":0,"11":0,"12":0,"13":0,"14":0,"15":0,"16":0,"17":0,"18":0,"19":0,"20":0,"21":0,"22":0,"23":0,"24":0,"25":0,"26":0,"27":0,"28":0,"29":0,"30":0,"31":0,"32":4},"f":{"0":4,"1":0,"2":0,"3":0,"4":0,"5":0},"b":{"0":[0,0],"1":[0],"2":[0,0]},"_coverageSchema":"1a1c01bbd47fc00a2c39e90264f33305004495a9","hash":"72d6edbb9bcff98251b196ad78bc6d36da5a89ce"}
,"/home/ramonsouto/projetos/agenda/backend/src/config/env.js": {"path":"/home/ramonsouto/projetos/agenda/backend/src/config/env.js","statementMap":{"0":{"start":{"line":1,"column":15},"end":{"line":1,"column":32}},"1":{"start":{"line":2,"column":13},"end":{"line":2,"column":28}},"2":{"start":{"line":4,"column":0},"end":{"line":4,"column":16}},"3":{"start":{"line":6,"column":0},"end":{"line":42,"column":2}}},"fnMap":{},"branchMap":{"0":{"loc":{"start":{"line":7,"column":9},"end":{"line":7,"column":46}},"type":"binary-expr","locations":[{"start":{"line":7,"column":9},"end":{"line":7,"column":29}},{"start":{"line":7,"column":33},"end":{"line":7,"column":46}}],"line":7},"1":{"loc":{"start":{"line":8,"column":10},"end":{"line":8,"column":34}},"type":"binary-expr","locations":[{"start":{"line":8,"column":10},"end":{"line":8,"column":26}},{"start":{"line":8,"column":30},"end":{"line":8,"column":34}}],"line":8},"2":{"loc":{"start":{"line":9,"column":12},"end":{"line":9,"column":58}},"type":"binary-expr","locations":[{"start":{"line":9,"column":12},"end":{"line":9,"column":31}},{"start":{"line":9,"column":35},"end":{"line":9,"column":58}}],"line":9},"3":{"loc":{"start":{"line":12,"column":14},"end":{"line":12,"column":48}},"type":"binary-expr","locations":[{"start":{"line":12,"column":14},"end":{"line":12,"column":33}},{"start":{"line":12,"column":37},"end":{"line":12,"column":48}}],"line":12},"4":{"loc":{"start":{"line":13,"column":14},"end":{"line":13,"column":41}},"type":"binary-expr","locations":[{"start":{"line":13,"column":14},"end":{"line":13,"column":33}},{"start":{"line":13,"column":37},"end":{"line":13,"column":41}}],"line":13},"5":{"loc":{"start":{"line":14,"column":14},"end":{"line":14,"column":51}},"type":"binary-expr","locations":[{"start":{"line":14,"column":14},"end":{"line":14,"column":37}},{"start":{"line":14,"column":41},"end":{"line":14,"column":51}}],"line":14},"6":{"loc":{"start":{"line":15,"column":18},"end":{"line":15,"column":64}},"type":"binary-expr","locations":[{"start":{"line":15,"column":18},"end":{"line":15,"column":41}},{"start":{"line":15,"column":45},"end":{"line":15,"column":64}}],"line":15},"7":{"loc":{"start":{"line":16,"column":18},"end":{"line":16,"column":60}},"type":"binary-expr","locations":[{"start":{"line":16,"column":18},"end":{"line":16,"column":41}},{"start":{"line":16,"column":45},"end":{"line":16,"column":60}}],"line":16},"8":{"loc":{"start":{"line":23,"column":16},"end":{"line":23,"column":68}},"type":"binary-expr","locations":[{"start":{"line":23,"column":16},"end":{"line":23,"column":38}},{"start":{"line":23,"column":42},"end":{"line":23,"column":68}}],"line":23},"9":{"loc":{"start":{"line":24,"column":19},"end":{"line":24,"column":54}},"type":"binary-expr","locations":[{"start":{"line":24,"column":19},"end":{"line":24,"column":45}},{"start":{"line":24,"column":49},"end":{"line":24,"column":54}}],"line":24},"10":{"loc":{"start":{"line":28,"column":26},"end":{"line":28,"column":71}},"type":"binary-expr","locations":[{"start":{"line":28,"column":26},"end":{"line":28,"column":66}},{"start":{"line":28,"column":70},"end":{"line":28,"column":71}}],"line":28},"11":{"loc":{"start":{"line":29,"column":18},"end":{"line":29,"column":55}},"type":"binary-expr","locations":[{"start":{"line":29,"column":18},"end":{"line":29,"column":49}},{"start":{"line":29,"column":53},"end":{"line":29,"column":55}}],"line":29},"12":{"loc":{"start":{"line":33,"column":19},"end":{"line":33,"column":56}},"type":"binary-expr","locations":[{"start":{"line":33,"column":19},"end":{"line":33,"column":41}},{"start":{"line":33,"column":45},"end":{"line":33,"column":56}}],"line":33},"13":{"loc":{"start":{"line":34,"column":21},"end":{"line":34,"column":67}},"type":"binary-expr","locations":[{"start":{"line":34,"column":21},"end":{"line":34,"column":56}},{"start":{"line":34,"column":60},"end":{"line":34,"column":67}}],"line":34},"14":{"loc":{"start":{"line":35,"column":23},"end":{"line":35,"column":89}},"type":"binary-expr","locations":[{"start":{"line":35,"column":23},"end":{"line":35,"column":53}},{"start":{"line":35,"column":57},"end":{"line":35,"column":89}}],"line":35}},"s":{"0":6,"1":6,"2":6,"3":6},"f":{},"b":{"0":[6,0],"1":[6,0],"2":[6,0],"3":[6,0],"4":[6,0],"5":[6,0],"6":[6,0],"7":[6,0],"8":[6,0],"9":[6,0],"10":[6,0],"11":[6,0],"12":[6,6],"13":[6,0],"14":[6,0]},"_coverageSchema":"1a1c01bbd47fc00a2c39e90264f33305004495a9","hash":"de57552b670bf869369b2f2780987fd84fb732a8"}
,"/home/ramonsouto/projetos/agenda/backend/src/models/LogModel.js": {"path":"/home/ramonsouto/projetos/agenda/backend/src/models/LogModel.js","statementMap":{"0":{"start":{"line":1,"column":17},"end":{"line":1,"column":46}},"1":{"start":{"line":5,"column":20},"end":{"line":10,"column":5}},"2":{"start":{"line":12,"column":24},"end":{"line":20,"column":9}},"3":{"start":{"line":22,"column":26},"end":{"line":22,"column":60}},"4":{"start":{"line":23,"column":8},"end":{"line":23,"column":34}},"5":{"start":{"line":27,"column":18},"end":{"line":35,"column":5}},"6":{"start":{"line":37,"column":24},"end":{"line":37,"column":26}},"7":{"start":{"line":39,"column":8},"end":{"line":42,"column":9}},"8":{"start":{"line":40,"column":12},"end":{"line":40,"column":43}},"9":{"start":{"line":41,"column":12},"end":{"line":41,"column":45}},"10":{"start":{"line":44,"column":8},"end":{"line":47,"column":9}},"11":{"start":{"line":45,"column":12},"end":{"line":45,"column":41}},"12":{"start":{"line":46,"column":12},"end":{"line":46,"column":43}},"13":{"start":{"line":49,"column":8},"end":{"line":52,"column":9}},"14":{"start":{"line":50,"column":12},"end":{"line":50,"column":43}},"15":{"start":{"line":51,"column":12},"end":{"line":51,"column":45}},"16":{"start":{"line":54,"column":8},"end":{"line":57,"column":9}},"17":{"start":{"line":55,"column":12},"end":{"line":55,"column":55}},"18":{"start":{"line":56,"column":12},"end":{"line":56,"column":64}},"19":{"start":{"line":59,"column":8},"end":{"line":59,"column":45}},"20":{"start":{"line":61,"column":8},"end":{"line":64,"column":9}},"21":{"start":{"line":62,"column":12},"end":{"line":62,"column":30}},"22":{"start":{"line":63,"column":12},"end":{"line":63,"column":51}},"23":{"start":{"line":66,"column":8},"end":{"line":66,"column":50}},"24":{"start":{"line":70,"column":20},"end":{"line":75,"column":5}},"25":{"start":{"line":77,"column":8},"end":{"line":77,"column":63}},"26":{"start":{"line":81,"column":18},"end":{"line":88,"column":5}},"27":{"start":{"line":90,"column":24},"end":{"line":90,"column":32}},"28":{"start":{"line":92,"column":8},"end":{"line":95,"column":9}},"29":{"start":{"line":93,"column":12},"end":{"line":93,"column":48}},"30":{"start":{"line":94,"column":12},"end":{"line":94,"column":38}},"31":{"start":{"line":97,"column":8},"end":{"line":97,"column":45}},"32":{"start":{"line":99,"column":8},"end":{"line":99,"column":50}},"33":{"start":{"line":103,"column":20},"end":{"line":112,"column":5}},"34":{"start":{"line":114,"column":8},"end":{"line":114,"column":66}},"35":{"start":{"line":118,"column":20},"end":{"line":129,"column":5}},"36":{"start":{"line":131,"column":8},"end":{"line":131,"column":66}},"37":{"start":{"line":135,"column":0},"end":{"line":135,"column":32}}},"fnMap":{"0":{"name":"(anonymous_0)","decl":{"start":{"line":4,"column":4},"end":{"line":4,"column":5}},"loc":{"start":{"line":4,"column":23},"end":{"line":24,"column":5}},"line":4},"1":{"name":"(anonymous_1)","decl":{"start":{"line":26,"column":4},"end":{"line":26,"column":5}},"loc":{"start":{"line":26,"column":31},"end":{"line":67,"column":5}},"line":26},"2":{"name":"(anonymous_2)","decl":{"start":{"line":69,"column":4},"end":{"line":69,"column":5}},"loc":{"start":{"line":69,"column":52},"end":{"line":78,"column":5}},"line":69},"3":{"name":"(anonymous_3)","decl":{"start":{"line":80,"column":4},"end":{"line":80,"column":5}},"loc":{"start":{"line":80,"column":54},"end":{"line":100,"column":5}},"line":80},"4":{"name":"(anonymous_4)","decl":{"start":{"line":102,"column":4},"end":{"line":102,"column":5}},"loc":{"start":{"line":102,"column":51},"end":{"line":115,"column":5}},"line":102},"5":{"name":"(anonymous_5)","decl":{"start":{"line":117,"column":4},"end":{"line":117,"column":5}},"loc":{"start":{"line":117,"column":54},"end":{"line":132,"column":5}},"line":117}},"branchMap":{"0":{"loc":{"start":{"line":13,"column":12},"end":{"line":13,"column":36}},"type":"binary-expr","locations":[{"start":{"line":13,"column":12},"end":{"line":13,"column":28}},{"start":{"line":13,"column":32},"end":{"line":13,"column":36}}],"line":13},"1":{"loc":{"start":{"line":16,"column":12},"end":{"line":16,"column":41}},"type":"binary-expr","locations":[{"start":{"line":16,"column":12},"end":{"line":16,"column":33}},{"start":{"line":16,"column":37},"end":{"line":16,"column":41}}],"line":16},"2":{"loc":{"start":{"line":17,"column":27},"end":{"line":17,"column":51}},"type":"binary-expr","locations":[{"start":{"line":17,"column":27},"end":{"line":17,"column":45}},{"start":{"line":17,"column":49},"end":{"line":17,"column":51}}],"line":17},"3":{"loc":{"start":{"line":18,"column":12},"end":{"line":18,"column":40}},"type":"binary-expr","locations":[{"start":{"line":18,"column":12},"end":{"line":18,"column":32}},{"start":{"line":18,"column":36},"end":{"line":18,"column":40}}],"line":18},"4":{"loc":{"start":{"line":19,"column":12},"end":{"line":19,"column":40}},"type":"binary-expr","locations":[{"start":{"line":19,"column":12},"end":{"line":19,"column":32}},{"start":{"line":19,"column":36},"end":{"line":19,"column":40}}],"line":19},"5":{"loc":{"start":{"line":26,"column":17},"end":{"line":26,"column":29}},"type":"default-arg","locations":[{"start":{"line":26,"column":27},"end":{"line":26,"column":29}}],"line":26},"6":{"loc":{"start":{"line":39,"column":8},"end":{"line":42,"column":9}},"type":"if","locations":[{"start":{"line":39,"column":8},"end":{"line":42,"column":9}},{"start":{},"end":{}}],"line":39},"7":{"loc":{"start":{"line":44,"column":8},"end":{"line":47,"column":9}},"type":"if","locations":[{"start":{"line":44,"column":8},"end":{"line":47,"column":9}},{"start":{},"end":{}}],"line":44},"8":{"loc":{"start":{"line":49,"column":8},"end":{"line":52,"column":9}},"type":"if","locations":[{"start":{"line":49,"column":8},"end":{"line":52,"column":9}},{"start":{},"end":{}}],"line":49},"9":{"loc":{"start":{"line":54,"column":8},"end":{"line":57,"column":9}},"type":"if","locations":[{"start":{"line":54,"column":8},"end":{"line":57,"column":9}},{"start":{},"end":{}}],"line":54},"10":{"loc":{"start":{"line":54,"column":12},"end":{"line":54,"column":51}},"type":"binary-expr","locations":[{"start":{"line":54,"column":12},"end":{"line":54,"column":31}},{"start":{"line":54,"column":35},"end":{"line":54,"column":51}}],"line":54},"11":{"loc":{"start":{"line":61,"column":8},"end":{"line":64,"column":9}},"type":"if","locations":[{"start":{"line":61,"column":8},"end":{"line":64,"column":9}},{"start":{},"end":{}}],"line":61},"12":{"loc":{"start":{"line":69,"column":39},"end":{"line":69,"column":50}},"type":"default-arg","locations":[{"start":{"line":69,"column":48},"end":{"line":69,"column":50}}],"line":69},"13":{"loc":{"start":{"line":80,"column":34},"end":{"line":80,"column":52}},"type":"default-arg","locations":[{"start":{"line":80,"column":48},"end":{"line":80,"column":52}}],"line":80},"14":{"loc":{"start":{"line":92,"column":8},"end":{"line":95,"column":9}},"type":"if","locations":[{"start":{"line":92,"column":8},"end":{"line":95,"column":9}},{"start":{},"end":{}}],"line":92}},"s":{"0":2,"1":0,"2":0,"3":0,"4":0,"5":0,"6":0,"7":0,"8":0,"9":0,"10":0,"11":0,"12":0,"13":0,"14":0,"15":0,"16":0,"17":0,"18":0,"19":0,"20":0,"21":0,"22":0,"23":0,"24":0,"25":0,"26":0,"27":0,"28":0,"29":0,"30":0,"31":0,"32":0,"33":0,"34":0,"35":0,"36":0,"37":2},"f":{"0":0,"1":0,"2":0,"3":0,"4":0,"5":0},"b":{"0":[0,0],"1":[0,0],"2":[0,0],"3":[0,0],"4":[0,0],"5":[0],"6":[0,0],"7":[0,0],"8":[0,0],"9":[0,0],"10":[0,0],"11":[0,0],"12":[0],"13":[0],"14":[0,0]},"_coverageSchema":"1a1c01bbd47fc00a2c39e90264f33305004495a9","hash":"34a4d534983b71b9a1c57f972b7a5cc72069c44d"}
,"/home/ramonsouto/projetos/agenda/backend/src/models/PessoaModel.js": {"path":"/home/ramonsouto/projetos/agenda/backend/src/models/PessoaModel.js","statementMap":{"0":{"start":{"line":1,"column":17},"end":{"line":1,"column":46}},"1":{"start":{"line":5,"column":20},"end":{"line":12,"column":5}},"2":{"start":{"line":14,"column":24},"end":{"line":34,"column":9}},"3":{"start":{"line":36,"column":26},"end":{"line":36,"column":60}},"4":{"start":{"line":37,"column":8},"end":{"line":37,"column":34}},"5":{"start":{"line":41,"column":20},"end":{"line":47,"column":5}},"6":{"start":{"line":49,"column":26},"end":{"line":49,"column":57}},"7":{"start":{"line":50,"column":8},"end":{"line":50,"column":36}},"8":{"start":{"line":54,"column":20},"end":{"line":60,"column":5}},"9":{"start":{"line":62,"column":26},"end":{"line":62,"column":58}},"10":{"start":{"line":63,"column":8},"end":{"line":63,"column":36}},"11":{"start":{"line":67,"column":20},"end":{"line":74,"column":5}},"12":{"start":{"line":76,"column":8},"end":{"line":76,"column":49}},"13":{"start":{"line":80,"column":18},"end":{"line":86,"column":5}},"14":{"start":{"line":88,"column":24},"end":{"line":88,"column":26}},"15":{"start":{"line":90,"column":8},"end":{"line":93,"column":9}},"16":{"start":{"line":91,"column":12},"end":{"line":91,"column":48}},"17":{"start":{"line":92,"column":12},"end":{"line":92,"column":50}},"18":{"start":{"line":95,"column":8},"end":{"line":98,"column":9}},"19":{"start":{"line":96,"column":12},"end":{"line":96,"column":43}},"20":{"start":{"line":97,"column":12},"end":{"line":97,"column":45}},"21":{"start":{"line":100,"column":8},"end":{"line":103,"column":9}},"22":{"start":{"line":101,"column":12},"end":{"line":101,"column":70}},"23":{"start":{"line":102,"column":12},"end":{"line":102,"column":69}},"24":{"start":{"line":105,"column":8},"end":{"line":105,"column":42}},"25":{"start":{"line":107,"column":8},"end":{"line":107,"column":50}},"26":{"start":{"line":111,"column":23},"end":{"line":111,"column":25}},"27":{"start":{"line":112,"column":24},"end":{"line":112,"column":26}},"28":{"start":{"line":114,"column":8},"end":{"line":119,"column":11}},"29":{"start":{"line":115,"column":12},"end":{"line":118,"column":13}},"30":{"start":{"line":116,"column":16},"end":{"line":116,"column":44}},"31":{"start":{"line":117,"column":16},"end":{"line":117,"column":43}},"32":{"start":{"line":121,"column":8},"end":{"line":123,"column":9}},"33":{"start":{"line":122,"column":12},"end":{"line":122,"column":59}},"34":{"start":{"line":125,"column":8},"end":{"line":125,"column":25}},"35":{"start":{"line":127,"column":20},"end":{"line":131,"column":5}},"36":{"start":{"line":133,"column":26},"end":{"line":133,"column":60}},"37":{"start":{"line":134,"column":8},"end":{"line":134,"column":42}},"38":{"start":{"line":138,"column":20},"end":{"line":142,"column":5}},"39":{"start":{"line":144,"column":26},"end":{"line":144,"column":57}},"40":{"start":{"line":145,"column":8},"end":{"line":145,"column":42}},"41":{"start":{"line":149,"column":20},"end":{"line":153,"column":5}},"42":{"start":{"line":155,"column":8},"end":{"line":155,"column":40}},"43":{"start":{"line":159,"column":20},"end":{"line":163,"column":5}},"44":{"start":{"line":165,"column":8},"end":{"line":165,"column":40}},"45":{"start":{"line":169,"column":20},"end":{"line":175,"column":5}},"46":{"start":{"line":177,"column":8},"end":{"line":177,"column":40}},"47":{"start":{"line":181,"column":20},"end":{"line":185,"column":5}},"48":{"start":{"line":187,"column":26},"end":{"line":187,"column":57}},"49":{"start":{"line":188,"column":8},"end":{"line":188,"column":36}},"50":{"start":{"line":192,"column":0},"end":{"line":192,"column":35}}},"fnMap":{"0":{"name":"(anonymous_0)","decl":{"start":{"line":4,"column":4},"end":{"line":4,"column":5}},"loc":{"start":{"line":4,"column":23},"end":{"line":38,"column":5}},"line":4},"1":{"name":"(anonymous_1)","decl":{"start":{"line":40,"column":4},"end":{"line":40,"column":5}},"loc":{"start":{"line":40,"column":26},"end":{"line":51,"column":5}},"line":40},"2":{"name":"(anonymous_2)","decl":{"start":{"line":53,"column":4},"end":{"line":53,"column":5}},"loc":{"start":{"line":53,"column":28},"end":{"line":64,"column":5}},"line":53},"3":{"name":"(anonymous_3)","decl":{"start":{"line":66,"column":4},"end":{"line":66,"column":5}},"loc":{"start":{"line":66,"column":30},"end":{"line":77,"column":5}},"line":66},"4":{"name":"(anonymous_4)","decl":{"start":{"line":79,"column":4},"end":{"line":79,"column":5}},"loc":{"start":{"line":79,"column":31},"end":{"line":108,"column":5}},"line":79},"5":{"name":"(anonymous_5)","decl":{"start":{"line":110,"column":4},"end":{"line":110,"column":5}},"loc":{"start":{"line":110,"column":31},"end":{"line":135,"column":5}},"line":110},"6":{"name":"(anonymous_6)","decl":{"start":{"line":114,"column":35},"end":{"line":114,"column":36}},"loc":{"start":{"line":114,"column":44},"end":{"line":119,"column":9}},"line":114},"7":{"name":"(anonymous_7)","decl":{"start":{"line":137,"column":4},"end":{"line":137,"column":5}},"loc":{"start":{"line":137,"column":22},"end":{"line":146,"column":5}},"line":137},"8":{"name":"(anonymous_8)","decl":{"start":{"line":148,"column":4},"end":{"line":148,"column":5}},"loc":{"start":{"line":148,"column":41},"end":{"line":156,"column":5}},"line":148},"9":{"name":"(anonymous_9)","decl":{"start":{"line":158,"column":4},"end":{"line":158,"column":5}},"loc":{"start":{"line":158,"column":28},"end":{"line":166,"column":5}},"line":158},"10":{"name":"(anonymous_10)","decl":{"start":{"line":168,"column":4},"end":{"line":168,"column":5}},"loc":{"start":{"line":168,"column":37},"end":{"line":178,"column":5}},"line":168},"11":{"name":"(anonymous_11)","decl":{"start":{"line":180,"column":4},"end":{"line":180,"column":5}},"loc":{"start":{"line":180,"column":32},"end":{"line":189,"column":5}},"line":180}},"branchMap":{"0":{"loc":{"start":{"line":16,"column":12},"end":{"line":16,"column":39}},"type":"binary-expr","locations":[{"start":{"line":16,"column":12},"end":{"line":16,"column":28}},{"start":{"line":16,"column":32},"end":{"line":16,"column":39}}],"line":16},"1":{"loc":{"start":{"line":24,"column":12},"end":{"line":24,"column":41}},"type":"binary-expr","locations":[{"start":{"line":24,"column":12},"end":{"line":24,"column":33}},{"start":{"line":24,"column":37},"end":{"line":24,"column":41}}],"line":24},"2":{"loc":{"start":{"line":28,"column":12},"end":{"line":28,"column":40}},"type":"binary-expr","locations":[{"start":{"line":28,"column":12},"end":{"line":28,"column":32}},{"start":{"line":28,"column":36},"end":{"line":28,"column":40}}],"line":28},"3":{"loc":{"start":{"line":29,"column":12},"end":{"line":29,"column":39}},"type":"binary-expr","locations":[{"start":{"line":29,"column":12},"end":{"line":29,"column":31}},{"start":{"line":29,"column":35},"end":{"line":29,"column":39}}],"line":29},"4":{"loc":{"start":{"line":30,"column":12},"end":{"line":30,"column":40}},"type":"binary-expr","locations":[{"start":{"line":30,"column":12},"end":{"line":30,"column":32}},{"start":{"line":30,"column":36},"end":{"line":30,"column":40}}],"line":30},"5":{"loc":{"start":{"line":32,"column":12},"end":{"line":32,"column":37}},"type":"binary-expr","locations":[{"start":{"line":32,"column":12},"end":{"line":32,"column":29}},{"start":{"line":32,"column":33},"end":{"line":32,"column":37}}],"line":32},"6":{"loc":{"start":{"line":33,"column":12},"end":{"line":33,"column":35}},"type":"binary-expr","locations":[{"start":{"line":33,"column":12},"end":{"line":33,"column":27}},{"start":{"line":33,"column":31},"end":{"line":33,"column":35}}],"line":33},"7":{"loc":{"start":{"line":50,"column":15},"end":{"line":50,"column":35}},"type":"binary-expr","locations":[{"start":{"line":50,"column":15},"end":{"line":50,"column":27}},{"start":{"line":50,"column":31},"end":{"line":50,"column":35}}],"line":50},"8":{"loc":{"start":{"line":63,"column":15},"end":{"line":63,"column":35}},"type":"binary-expr","locations":[{"start":{"line":63,"column":15},"end":{"line":63,"column":27}},{"start":{"line":63,"column":31},"end":{"line":63,"column":35}}],"line":63},"9":{"loc":{"start":{"line":79,"column":17},"end":{"line":79,"column":29}},"type":"default-arg","locations":[{"start":{"line":79,"column":27},"end":{"line":79,"column":29}}],"line":79},"10":{"loc":{"start":{"line":90,"column":8},"end":{"line":93,"column":9}},"type":"if","locations":[{"start":{"line":90,"column":8},"end":{"line":93,"column":9}},{"start":{},"end":{}}],"line":90},"11":{"loc":{"start":{"line":95,"column":8},"end":{"line":98,"column":9}},"type":"if","locations":[{"start":{"line":95,"column":8},"end":{"line":98,"column":9}},{"start":{},"end":{}}],"line":95},"12":{"loc":{"start":{"line":100,"column":8},"end":{"line":103,"column":9}},"type":"if","locations":[{"start":{"line":100,"column":8},"end":{"line":103,"column":9}},{"start":{},"end":{}}],"line":100},"13":{"loc":{"start":{"line":115,"column":12},"end":{"line":118,"column":13}},"type":"if","locations":[{"start":{"line":115,"column":12},"end":{"line":118,"column":13}},{"start":{},"end":{}}],"line":115},"14":{"loc":{"start":{"line":115,"column":16},"end":{"line":115,"column":60}},"type":"binary-expr","locations":[{"start":{"line":115,"column":16},"end":{"line":115,"column":42}},{"start":{"line":115,"column":46},"end":{"line":115,"column":60}}],"line":115},"15":{"loc":{"start":{"line":121,"column":8},"end":{"line":123,"column":9}},"type":"if","locations":[{"start":{"line":121,"column":8},"end":{"line":123,"column":9}},{"start":{},"end":{}}],"line":121},"16":{"loc":{"start":{"line":188,"column":15},"end":{"line":188,"column":35}},"type":"binary-expr","locations":[{"start":{"line":188,"column":15},"end":{"line":188,"column":27}},{"start":{"line":188,"column":31},"end":{"line":188,"column":35}}],"line":188}},"s":{"0":2,"1":0,"2":0,"3":0,"4":0,"5":0,"6":0,"7":0,"8":0,"9":0,"10":0,"11":0,"12":0,"13":0,"14":0,"15":0,"16":0,"17":0,"18":0,"19":0,"20":0,"21":0,"22":0,"23":0,"24":0,"25":0,"26":0,"27":0,"28":0,"29":0,"30":0,"31":0,"32":0,"33":0,"34":0,"35":0,"36":0,"37":0,"38":0,"39":0,"40":0,"41":0,"42":0,"43":0,"44":0,"45":0,"46":0,"47":0,"48":0,"49":0,"50":2},"f":{"0":0,"1":0,"2":0,"3":0,"4":0,"5":0,"6":0,"7":0,"8":0,"9":0,"10":0,"11":0},"b":{"0":[0,0],"1":[0,0],"2":[0,0],"3":[0,0],"4":[0,0],"5":[0,0],"6":[0,0],"7":[0,0],"8":[0,0],"9":[0],"10":[0,0],"11":[0,0],"12":[0,0],"13":[0,0],"14":[0,0],"15":[0,0],"16":[0,0]},"_coverageSchema":"1a1c01bbd47fc00a2c39e90264f33305004495a9","hash":"3878f405383eee5cdb3f0760f98fe4af55c51de1"}
,"/home/ramonsouto/projetos/agenda/backend/src/services/AuthService.js": {"path":"/home/ramonsouto/projetos/agenda/backend/src/services/AuthService.js","statementMap":{"0":{"start":{"line":1,"column":15},"end":{"line":1,"column":34}},"1":{"start":{"line":2,"column":12},"end":{"line":2,"column":35}},"2":{"start":{"line":3,"column":20},"end":{"line":3,"column":52}},"3":{"start":{"line":4,"column":19},"end":{"line":4,"column":42}},"4":{"start":{"line":5,"column":15},"end":{"line":5,"column":39}},"5":{"start":{"line":6,"column":46},"end":{"line":6,"column":75}},"6":{"start":{"line":7,"column":32},"end":{"line":7,"column":51}},"7":{"start":{"line":11,"column":8},"end":{"line":153,"column":9}},"8":{"start":{"line":13,"column":28},"end":{"line":13,"column":67}},"9":{"start":{"line":15,"column":12},"end":{"line":25,"column":13}},"10":{"start":{"line":16,"column":16},"end":{"line":22,"column":19}},"11":{"start":{"line":24,"column":16},"end":{"line":24,"column":70}},"12":{"start":{"line":28,"column":12},"end":{"line":30,"column":13}},"13":{"start":{"line":29,"column":16},"end":{"line":29,"column":51}},"14":{"start":{"line":33,"column":35},"end":{"line":38,"column":13}},"15":{"start":{"line":40,"column":12},"end":{"line":42,"column":13}},"16":{"start":{"line":41,"column":16},"end":{"line":41,"column":75}},"17":{"start":{"line":45,"column":29},"end":{"line":45,"column":76}},"18":{"start":{"line":47,"column":12},"end":{"line":62,"column":13}},"19":{"start":{"line":48,"column":41},"end":{"line":51,"column":17}},"20":{"start":{"line":53,"column":16},"end":{"line":61,"column":17}},"21":{"start":{"line":54,"column":45},"end":{"line":54,"column":84}},"22":{"start":{"line":55,"column":20},"end":{"line":57,"column":22}},"23":{"start":{"line":60,"column":20},"end":{"line":60,"column":73}},"24":{"start":{"line":65,"column":32},"end":{"line":65,"column":82}},"25":{"start":{"line":67,"column":12},"end":{"line":110,"column":13}},"26":{"start":{"line":68,"column":16},"end":{"line":68,"column":73}},"27":{"start":{"line":70,"column":46},"end":{"line":70,"column":79}},"28":{"start":{"line":72,"column":16},"end":{"line":90,"column":17}},"29":{"start":{"line":73,"column":20},"end":{"line":73,"column":64}},"30":{"start":{"line":75,"column":20},"end":{"line":87,"column":23}},"31":{"start":{"line":89,"column":20},"end":{"line":89,"column":68}},"32":{"start":{"line":92,"column":16},"end":{"line":105,"column":19}},"33":{"start":{"line":107,"column":16},"end":{"line":109,"column":18}},"34":{"start":{"line":113,"column":12},"end":{"line":113,"column":65}},"35":{"start":{"line":116,"column":26},"end":{"line":124,"column":13}},"36":{"start":{"line":127,"column":12},"end":{"line":135,"column":15}},"37":{"start":{"line":138,"column":12},"end":{"line":138,"column":37}},"38":{"start":{"line":140,"column":12},"end":{"line":149,"column":14}},"39":{"start":{"line":152,"column":12},"end":{"line":152,"column":24}},"40":{"start":{"line":157,"column":8},"end":{"line":165,"column":11}},"41":{"start":{"line":169,"column":8},"end":{"line":200,"column":9}},"42":{"start":{"line":170,"column":28},"end":{"line":170,"column":65}},"43":{"start":{"line":172,"column":12},"end":{"line":174,"column":13}},"44":{"start":{"line":173,"column":16},"end":{"line":173,"column":58}},"45":{"start":{"line":177,"column":32},"end":{"line":177,"column":83}},"46":{"start":{"line":179,"column":12},"end":{"line":181,"column":13}},"47":{"start":{"line":180,"column":16},"end":{"line":180,"column":57}},"48":{"start":{"line":184,"column":30},"end":{"line":184,"column":62}},"49":{"start":{"line":187,"column":12},"end":{"line":187,"column":74}},"50":{"start":{"line":189,"column":12},"end":{"line":195,"column":15}},"51":{"start":{"line":197,"column":12},"end":{"line":197,"column":24}},"52":{"start":{"line":199,"column":12},"end":{"line":199,"column":24}},"53":{"start":{"line":204,"column":8},"end":{"line":236,"column":9}},"54":{"start":{"line":205,"column":28},"end":{"line":205,"column":63}},"55":{"start":{"line":207,"column":12},"end":{"line":209,"column":13}},"56":{"start":{"line":208,"column":16},"end":{"line":208,"column":58}},"57":{"start":{"line":212,"column":30},"end":{"line":212,"column":62}},"58":{"start":{"line":215,"column":12},"end":{"line":219,"column":15}},"59":{"start":{"line":221,"column":12},"end":{"line":231,"column":15}},"60":{"start":{"line":233,"column":12},"end":{"line":233,"column":24}},"61":{"start":{"line":235,"column":12},"end":{"line":235,"column":24}},"62":{"start":{"line":240,"column":8},"end":{"line":244,"column":9}},"63":{"start":{"line":241,"column":12},"end":{"line":241,"column":56}},"64":{"start":{"line":243,"column":12},"end":{"line":243,"column":58}},"65":{"start":{"line":248,"column":24},"end":{"line":248,"column":61}},"66":{"start":{"line":250,"column":8},"end":{"line":252,"column":9}},"67":{"start":{"line":251,"column":12},"end":{"line":251,"column":25}},"68":{"start":{"line":254,"column":31},"end":{"line":254,"column":60}},"69":{"start":{"line":255,"column":34},"end":{"line":255,"column":75}},"70":{"start":{"line":258,"column":8},"end":{"line":260,"column":9}},"71":{"start":{"line":259,"column":12},"end":{"line":259,"column":24}},"72":{"start":{"line":262,"column":8},"end":{"line":262,"column":53}},"73":{"start":{"line":266,"column":0},"end":{"line":266,"column":35}}},"fnMap":{"0":{"name":"(anonymous_0)","decl":{"start":{"line":10,"column":4},"end":{"line":10,"column":5}},"loc":{"start":{"line":10,"column":58},"end":{"line":154,"column":5}},"line":10},"1":{"name":"(anonymous_1)","decl":{"start":{"line":156,"column":4},"end":{"line":156,"column":5}},"loc":{"start":{"line":156,"column":47},"end":{"line":166,"column":5}},"line":156},"2":{"name":"(anonymous_2)","decl":{"start":{"line":168,"column":4},"end":{"line":168,"column":5}},"loc":{"start":{"line":168,"column":54},"end":{"line":201,"column":5}},"line":168},"3":{"name":"(anonymous_3)","decl":{"start":{"line":203,"column":4},"end":{"line":203,"column":5}},"loc":{"start":{"line":203,"column":48},"end":{"line":237,"column":5}},"line":203},"4":{"name":"(anonymous_4)","decl":{"start":{"line":239,"column":4},"end":{"line":239,"column":5}},"loc":{"start":{"line":239,"column":26},"end":{"line":245,"column":5}},"line":239},"5":{"name":"(anonymous_5)","decl":{"start":{"line":247,"column":4},"end":{"line":247,"column":5}},"loc":{"start":{"line":247,"column":48},"end":{"line":263,"column":5}},"line":247}},"branchMap":{"0":{"loc":{"start":{"line":15,"column":12},"end":{"line":25,"column":13}},"type":"if","locations":[{"start":{"line":15,"column":12},"end":{"line":25,"column":13}},{"start":{},"end":{}}],"line":15},"1":{"loc":{"start":{"line":28,"column":12},"end":{"line":30,"column":13}},"type":"if","locations":[{"start":{"line":28,"column":12},"end":{"line":30,"column":13}},{"start":{},"end":{}}],"line":28},"2":{"loc":{"start":{"line":40,"column":12},"end":{"line":42,"column":13}},"type":"if","locations":[{"start":{"line":40,"column":12},"end":{"line":42,"column":13}},{"start":{},"end":{}}],"line":40},"3":{"loc":{"start":{"line":47,"column":12},"end":{"line":62,"column":13}},"type":"if","locations":[{"start":{"line":47,"column":12},"end":{"line":62,"column":13}},{"start":{},"end":{}}],"line":47},"4":{"loc":{"start":{"line":53,"column":16},"end":{"line":61,"column":17}},"type":"if","locations":[{"start":{"line":53,"column":16},"end":{"line":61,"column":17}},{"start":{"line":58,"column":23},"end":{"line":61,"column":17}}],"line":53},"5":{"loc":{"start":{"line":67,"column":12},"end":{"line":110,"column":13}},"type":"if","locations":[{"start":{"line":67,"column":12},"end":{"line":110,"column":13}},{"start":{},"end":{}}],"line":67},"6":{"loc":{"start":{"line":72,"column":16},"end":{"line":90,"column":17}},"type":"if","locations":[{"start":{"line":72,"column":16},"end":{"line":90,"column":17}},{"start":{},"end":{}}],"line":72},"7":{"loc":{"start":{"line":172,"column":12},"end":{"line":174,"column":13}},"type":"if","locations":[{"start":{"line":172,"column":12},"end":{"line":174,"column":13}},{"start":{},"end":{}}],"line":172},"8":{"loc":{"start":{"line":179,"column":12},"end":{"line":181,"column":13}},"type":"if","locations":[{"start":{"line":179,"column":12},"end":{"line":181,"column":13}},{"start":{},"end":{}}],"line":179},"9":{"loc":{"start":{"line":207,"column":12},"end":{"line":209,"column":13}},"type":"if","locations":[{"start":{"line":207,"column":12},"end":{"line":209,"column":13}},{"start":{},"end":{}}],"line":207},"10":{"loc":{"start":{"line":250,"column":8},"end":{"line":252,"column":9}},"type":"if","locations":[{"start":{"line":250,"column":8},"end":{"line":252,"column":9}},{"start":{},"end":{}}],"line":250},"11":{"loc":{"start":{"line":255,"column":34},"end":{"line":255,"column":75}},"type":"binary-expr","locations":[{"start":{"line":255,"column":34},"end":{"line":255,"column":69}},{"start":{"line":255,"column":73},"end":{"line":255,"column":75}}],"line":255},"12":{"loc":{"start":{"line":258,"column":8},"end":{"line":260,"column":9}},"type":"if","locations":[{"start":{"line":258,"column":8},"end":{"line":260,"column":9}},{"start":{},"end":{}}],"line":258}},"s":{"0":1,"1":1,"2":1,"3":1,"4":1,"5":1,"6":1,"7":5,"8":5,"9":5,"10":1,"11":1,"12":4,"13":3,"14":1,"15":1,"16":1,"17":0,"18":0,"19":0,"20":0,"21":0,"22":0,"23":0,"24":0,"25":0,"26":0,"27":0,"28":0,"29":0,"30":0,"31":0,"32":0,"33":0,"34":0,"35":0,"36":0,"37":0,"38":0,"39":5,"40":0,"41":3,"42":3,"43":3,"44":1,"45":2,"46":2,"47":1,"48":1,"49":1,"50":1,"51":1,"52":2,"53":2,"54":2,"55":2,"56":1,"57":1,"58":1,"59":1,"60":1,"61":1,"62":0,"63":0,"64":0,"65":0,"66":0,"67":0,"68":0,"69":0,"70":0,"71":0,"72":0,"73":1},"f":{"0":5,"1":0,"2":3,"3":2,"4":0,"5":0},"b":{"0":[1,4],"1":[3,1],"2":[1,0],"3":[0,0],"4":[0,0],"5":[0,0],"6":[0,0],"7":[1,2],"8":[1,1],"9":[1,1],"10":[0,0],"11":[0,0],"12":[0,0]},"_coverageSchema":"1a1c01bbd47fc00a2c39e90264f33305004495a9","hash":"716ccbe7ebcf4ec600b2b678b0eab178e1cb02f2"}
,"/home/ramonsouto/projetos/agenda/backend/src/services/LogService.js": {"path":"/home/ramonsouto/projetos/agenda/backend/src/services/LogService.js","statementMap":{"0":{"start":{"line":1,"column":17},"end":{"line":1,"column":46}},"1":{"start":{"line":5,"column":8},"end":{"line":12,"column":9}},"2":{"start":{"line":6,"column":26},"end":{"line":6,"column":53}},"3":{"start":{"line":7,"column":12},"end":{"line":7,"column":25}},"4":{"start":{"line":10,"column":12},"end":{"line":10,"column":67}},"5":{"start":{"line":11,"column":12},"end":{"line":11,"column":24}},"6":{"start":{"line":16,"column":8},"end":{"line":20,"column":9}},"7":{"start":{"line":17,"column":12},"end":{"line":17,"column":50}},"8":{"start":{"line":19,"column":12},"end":{"line":19,"column":24}},"9":{"start":{"line":24,"column":8},"end":{"line":28,"column":9}},"10":{"start":{"line":25,"column":12},"end":{"line":25,"column":71}},"11":{"start":{"line":27,"column":12},"end":{"line":27,"column":24}},"12":{"start":{"line":32,"column":8},"end":{"line":36,"column":9}},"13":{"start":{"line":33,"column":12},"end":{"line":33,"column":71}},"14":{"start":{"line":35,"column":12},"end":{"line":35,"column":24}},"15":{"start":{"line":40,"column":8},"end":{"line":44,"column":9}},"16":{"start":{"line":41,"column":12},"end":{"line":41,"column":75}},"17":{"start":{"line":43,"column":12},"end":{"line":43,"column":24}},"18":{"start":{"line":48,"column":8},"end":{"line":52,"column":9}},"19":{"start":{"line":49,"column":12},"end":{"line":49,"column":78}},"20":{"start":{"line":51,"column":12},"end":{"line":51,"column":24}},"21":{"start":{"line":56,"column":8},"end":{"line":106,"column":9}},"22":{"start":{"line":57,"column":25},"end":{"line":57,"column":55}},"23":{"start":{"line":60,"column":28},"end":{"line":66,"column":18}},"24":{"start":{"line":61,"column":16},"end":{"line":63,"column":17}},"25":{"start":{"line":62,"column":20},"end":{"line":62,"column":42}},"26":{"start":{"line":64,"column":16},"end":{"line":64,"column":36}},"27":{"start":{"line":65,"column":16},"end":{"line":65,"column":27}},"28":{"start":{"line":69,"column":31},"end":{"line":81,"column":18}},"29":{"start":{"line":70,"column":16},"end":{"line":70,"column":50}},"30":{"start":{"line":70,"column":39},"end":{"line":70,"column":50}},"31":{"start":{"line":72,"column":16},"end":{"line":78,"column":17}},"32":{"start":{"line":73,"column":20},"end":{"line":77,"column":22}},"33":{"start":{"line":79,"column":16},"end":{"line":79,"column":46}},"34":{"start":{"line":80,"column":16},"end":{"line":80,"column":27}},"35":{"start":{"line":84,"column":30},"end":{"line":90,"column":18}},"36":{"start":{"line":85,"column":16},"end":{"line":87,"column":17}},"37":{"start":{"line":86,"column":20},"end":{"line":86,"column":44}},"38":{"start":{"line":88,"column":16},"end":{"line":88,"column":38}},"39":{"start":{"line":89,"column":16},"end":{"line":89,"column":27}},"40":{"start":{"line":92,"column":12},"end":{"line":102,"column":14}},"41":{"start":{"line":99,"column":70},"end":{"line":99,"column":87}},"42":{"start":{"line":105,"column":12},"end":{"line":105,"column":24}},"43":{"start":{"line":110,"column":0},"end":{"line":110,"column":34}}},"fnMap":{"0":{"name":"(anonymous_0)","decl":{"start":{"line":4,"column":4},"end":{"line":4,"column":5}},"loc":{"start":{"line":4,"column":27},"end":{"line":13,"column":5}},"line":4},"1":{"name":"(anonymous_1)","decl":{"start":{"line":15,"column":4},"end":{"line":15,"column":5}},"loc":{"start":{"line":15,"column":31},"end":{"line":21,"column":5}},"line":15},"2":{"name":"(anonymous_2)","decl":{"start":{"line":23,"column":4},"end":{"line":23,"column":5}},"loc":{"start":{"line":23,"column":52},"end":{"line":29,"column":5}},"line":23},"3":{"name":"(anonymous_3)","decl":{"start":{"line":31,"column":4},"end":{"line":31,"column":5}},"loc":{"start":{"line":31,"column":54},"end":{"line":37,"column":5}},"line":31},"4":{"name":"(anonymous_4)","decl":{"start":{"line":39,"column":4},"end":{"line":39,"column":5}},"loc":{"start":{"line":39,"column":56},"end":{"line":45,"column":5}},"line":39},"5":{"name":"(anonymous_5)","decl":{"start":{"line":47,"column":4},"end":{"line":47,"column":5}},"loc":{"start":{"line":47,"column":59},"end":{"line":53,"column":5}},"line":47},"6":{"name":"(anonymous_6)","decl":{"start":{"line":55,"column":4},"end":{"line":55,"column":5}},"loc":{"start":{"line":55,"column":48},"end":{"line":107,"column":5}},"line":55},"7":{"name":"(anonymous_7)","decl":{"start":{"line":60,"column":40},"end":{"line":60,"column":41}},"loc":{"start":{"line":60,"column":54},"end":{"line":66,"column":13}},"line":60},"8":{"name":"(anonymous_8)","decl":{"start":{"line":69,"column":43},"end":{"line":69,"column":44}},"loc":{"start":{"line":69,"column":57},"end":{"line":81,"column":13}},"line":69},"9":{"name":"(anonymous_9)","decl":{"start":{"line":84,"column":42},"end":{"line":84,"column":43}},"loc":{"start":{"line":84,"column":56},"end":{"line":90,"column":13}},"line":84},"10":{"name":"(anonymous_10)","decl":{"start":{"line":99,"column":60},"end":{"line":99,"column":61}},"loc":{"start":{"line":99,"column":70},"end":{"line":99,"column":87}},"line":99}},"branchMap":{"0":{"loc":{"start":{"line":15,"column":17},"end":{"line":15,"column":29}},"type":"default-arg","locations":[{"start":{"line":15,"column":27},"end":{"line":15,"column":29}}],"line":15},"1":{"loc":{"start":{"line":23,"column":39},"end":{"line":23,"column":50}},"type":"default-arg","locations":[{"start":{"line":23,"column":48},"end":{"line":23,"column":50}}],"line":23},"2":{"loc":{"start":{"line":31,"column":34},"end":{"line":31,"column":52}},"type":"default-arg","locations":[{"start":{"line":31,"column":48},"end":{"line":31,"column":52}}],"line":31},"3":{"loc":{"start":{"line":55,"column":34},"end":{"line":55,"column":46}},"type":"default-arg","locations":[{"start":{"line":55,"column":44},"end":{"line":55,"column":46}}],"line":55},"4":{"loc":{"start":{"line":61,"column":16},"end":{"line":63,"column":17}},"type":"if","locations":[{"start":{"line":61,"column":16},"end":{"line":63,"column":17}},{"start":{},"end":{}}],"line":61},"5":{"loc":{"start":{"line":70,"column":16},"end":{"line":70,"column":50}},"type":"if","locations":[{"start":{"line":70,"column":16},"end":{"line":70,"column":50}},{"start":{},"end":{}}],"line":70},"6":{"loc":{"start":{"line":72,"column":16},"end":{"line":78,"column":17}},"type":"if","locations":[{"start":{"line":72,"column":16},"end":{"line":78,"column":17}},{"start":{},"end":{}}],"line":72},"7":{"loc":{"start":{"line":85,"column":16},"end":{"line":87,"column":17}},"type":"if","locations":[{"start":{"line":85,"column":16},"end":{"line":87,"column":17}},{"start":{},"end":{}}],"line":85}},"s":{"0":2,"1":0,"2":0,"3":0,"4":0,"5":0,"6":0,"7":0,"8":0,"9":0,"10":0,"11":0,"12":0,"13":0,"14":0,"15":0,"16":0,"17":0,"18":0,"19":0,"20":0,"21":0,"22":0,"23":0,"24":0,"25":0,"26":0,"27":0,"28":0,"29":0,"30":0,"31":0,"32":0,"33":0,"34":0,"35":0,"36":0,"37":0,"38":0,"39":0,"40":0,"41":0,"42":0,"43":2},"f":{"0":0,"1":0,"2":0,"3":0,"4":0,"5":0,"6":0,"7":0,"8":0,"9":0,"10":0},"b":{"0":[0],"1":[0],"2":[0],"3":[0],"4":[0,0],"5":[0,0],"6":[0,0],"7":[0,0]},"_coverageSchema":"1a1c01bbd47fc00a2c39e90264f33305004495a9","hash":"703213687a88c55250a3367739b2fadccab2b9d9"}
,"/home/ramonsouto/projetos/agenda/backend/src/services/PessoaService.js": {"path":"/home/ramonsouto/projetos/agenda/backend/src/services/PessoaService.js","statementMap":{"0":{"start":{"line":1,"column":15},"end":{"line":1,"column":34}},"1":{"start":{"line":2,"column":20},"end":{"line":2,"column":52}},"2":{"start":{"line":3,"column":19},"end":{"line":3,"column":42}},"3":{"start":{"line":4,"column":46},"end":{"line":4,"column":75}},"4":{"start":{"line":5,"column":19},"end":{"line":5,"column":49}},"5":{"start":{"line":6,"column":72},"end":{"line":6,"column":102}},"6":{"start":{"line":10,"column":8},"end":{"line":58,"column":9}},"7":{"start":{"line":12,"column":37},"end":{"line":12,"column":76}},"8":{"start":{"line":14,"column":12},"end":{"line":16,"column":13}},"9":{"start":{"line":15,"column":16},"end":{"line":15,"column":92}},"10":{"start":{"line":19,"column":12},"end":{"line":19,"column":53}},"11":{"start":{"line":20,"column":12},"end":{"line":20,"column":53}},"12":{"start":{"line":21,"column":12},"end":{"line":21,"column":70}},"13":{"start":{"line":22,"column":12},"end":{"line":24,"column":13}},"14":{"start":{"line":23,"column":16},"end":{"line":23,"column":74}},"15":{"start":{"line":27,"column":33},"end":{"line":27,"column":78}},"16":{"start":{"line":28,"column":12},"end":{"line":30,"column":13}},"17":{"start":{"line":29,"column":16},"end":{"line":29,"column":62}},"18":{"start":{"line":33,"column":12},"end":{"line":35,"column":13}},"19":{"start":{"line":34,"column":16},"end":{"line":34,"column":73}},"20":{"start":{"line":38,"column":29},"end":{"line":38,"column":59}},"21":{"start":{"line":41,"column":12},"end":{"line":51,"column":15}},"22":{"start":{"line":53,"column":27},"end":{"line":53,"column":66}},"23":{"start":{"line":54,"column":12},"end":{"line":54,"column":49}},"24":{"start":{"line":57,"column":12},"end":{"line":57,"column":24}},"25":{"start":{"line":62,"column":8},"end":{"line":85,"column":9}},"26":{"start":{"line":63,"column":27},"end":{"line":63,"column":60}},"27":{"start":{"line":65,"column":12},"end":{"line":67,"column":13}},"28":{"start":{"line":66,"column":16},"end":{"line":66,"column":63}},"29":{"start":{"line":70,"column":12},"end":{"line":79,"column":15}},"30":{"start":{"line":81,"column":12},"end":{"line":81,"column":49}},"31":{"start":{"line":84,"column":12},"end":{"line":84,"column":24}},"32":{"start":{"line":89,"column":8},"end":{"line":119,"column":9}},"33":{"start":{"line":90,"column":29},"end":{"line":90,"column":43}},"34":{"start":{"line":92,"column":12},"end":{"line":94,"column":13}},"35":{"start":{"line":93,"column":16},"end":{"line":93,"column":48}},"36":{"start":{"line":96,"column":27},"end":{"line":96,"column":67}},"37":{"start":{"line":98,"column":12},"end":{"line":100,"column":13}},"38":{"start":{"line":99,"column":16},"end":{"line":99,"column":57}},"39":{"start":{"line":103,"column":12},"end":{"line":113,"column":15}},"40":{"start":{"line":115,"column":12},"end":{"line":115,"column":49}},"41":{"start":{"line":118,"column":12},"end":{"line":118,"column":24}},"42":{"start":{"line":123,"column":8},"end":{"line":142,"column":9}},"43":{"start":{"line":124,"column":28},"end":{"line":124,"column":61}},"44":{"start":{"line":127,"column":12},"end":{"line":136,"column":15}},"45":{"start":{"line":138,"column":12},"end":{"line":138,"column":72}},"46":{"start":{"line":138,"column":41},"end":{"line":138,"column":70}},"47":{"start":{"line":141,"column":12},"end":{"line":141,"column":24}},"48":{"start":{"line":146,"column":8},"end":{"line":165,"column":9}},"49":{"start":{"line":147,"column":28},"end":{"line":147,"column":65}},"50":{"start":{"line":150,"column":12},"end":{"line":159,"column":15}},"51":{"start":{"line":161,"column":12},"end":{"line":161,"column":72}},"52":{"start":{"line":161,"column":41},"end":{"line":161,"column":70}},"53":{"start":{"line":164,"column":12},"end":{"line":164,"column":24}},"54":{"start":{"line":169,"column":8},"end":{"line":230,"column":9}},"55":{"start":{"line":170,"column":36},"end":{"line":170,"column":69}},"56":{"start":{"line":172,"column":12},"end":{"line":174,"column":13}},"57":{"start":{"line":173,"column":16},"end":{"line":173,"column":63}},"58":{"start":{"line":177,"column":12},"end":{"line":187,"column":13}},"59":{"start":{"line":178,"column":16},"end":{"line":178,"column":57}},"60":{"start":{"line":181,"column":16},"end":{"line":186,"column":17}},"61":{"start":{"line":182,"column":41},"end":{"line":182,"column":86}},"62":{"start":{"line":183,"column":20},"end":{"line":185,"column":21}},"63":{"start":{"line":184,"column":24},"end":{"line":184,"column":70}},"64":{"start":{"line":189,"column":12},"end":{"line":191,"column":13}},"65":{"start":{"line":190,"column":16},"end":{"line":190,"column":57}},"66":{"start":{"line":193,"column":12},"end":{"line":195,"column":13}},"67":{"start":{"line":194,"column":16},"end":{"line":194,"column":74}},"68":{"start":{"line":197,"column":12},"end":{"line":199,"column":13}},"69":{"start":{"line":198,"column":16},"end":{"line":198,"column":74}},"70":{"start":{"line":202,"column":12},"end":{"line":204,"column":13}},"71":{"start":{"line":203,"column":16},"end":{"line":203,"column":73}},"72":{"start":{"line":207,"column":31},"end":{"line":207,"column":69}},"73":{"start":{"line":209,"column":12},"end":{"line":211,"column":13}},"74":{"start":{"line":210,"column":16},"end":{"line":210,"column":60}},"75":{"start":{"line":214,"column":12},"end":{"line":223,"column":15}},"76":{"start":{"line":225,"column":37},"end":{"line":225,"column":70}},"77":{"start":{"line":226,"column":12},"end":{"line":226,"column":59}},"78":{"start":{"line":229,"column":12},"end":{"line":229,"column":24}},"79":{"start":{"line":234,"column":8},"end":{"line":265,"column":9}},"80":{"start":{"line":235,"column":27},"end":{"line":235,"column":60}},"81":{"start":{"line":237,"column":12},"end":{"line":239,"column":13}},"82":{"start":{"line":238,"column":16},"end":{"line":238,"column":63}},"83":{"start":{"line":242,"column":29},"end":{"line":242,"column":58}},"84":{"start":{"line":244,"column":12},"end":{"line":246,"column":13}},"85":{"start":{"line":245,"column":16},"end":{"line":245,"column":58}},"86":{"start":{"line":249,"column":12},"end":{"line":259,"column":15}},"87":{"start":{"line":261,"column":12},"end":{"line":261,"column":24}},"88":{"start":{"line":264,"column":12},"end":{"line":264,"column":24}},"89":{"start":{"line":269,"column":8},"end":{"line":294,"column":9}},"90":{"start":{"line":270,"column":27},"end":{"line":270,"column":60}},"91":{"start":{"line":272,"column":12},"end":{"line":274,"column":13}},"92":{"start":{"line":273,"column":16},"end":{"line":273,"column":63}},"93":{"start":{"line":276,"column":12},"end":{"line":276,"column":68}},"94":{"start":{"line":279,"column":12},"end":{"line":288,"column":15}},"95":{"start":{"line":290,"column":12},"end":{"line":290,"column":24}},"96":{"start":{"line":293,"column":12},"end":{"line":293,"column":24}},"97":{"start":{"line":298,"column":8},"end":{"line":330,"column":9}},"98":{"start":{"line":299,"column":32},"end":{"line":299,"column":87}},"99":{"start":{"line":300,"column":37},"end":{"line":300,"column":74}},"100":{"start":{"line":302,"column":41},"end":{"line":312,"column":13}},"101":{"start":{"line":304,"column":45},"end":{"line":304,"column":115}},"102":{"start":{"line":306,"column":20},"end":{"line":310,"column":22}},"103":{"start":{"line":315,"column":12},"end":{"line":324,"column":15}},"104":{"start":{"line":322,"column":66},"end":{"line":322,"column":78}},"105":{"start":{"line":326,"column":12},"end":{"line":326,"column":40}},"106":{"start":{"line":329,"column":12},"end":{"line":329,"column":24}},"107":{"start":{"line":334,"column":0},"end":{"line":334,"column":37}}},"fnMap":{"0":{"name":"(anonymous_0)","decl":{"start":{"line":9,"column":4},"end":{"line":9,"column":5}},"loc":{"start":{"line":9,"column":40},"end":{"line":59,"column":5}},"line":9},"1":{"name":"(anonymous_1)","decl":{"start":{"line":61,"column":4},"end":{"line":61,"column":5}},"loc":{"start":{"line":61,"column":43},"end":{"line":86,"column":5}},"line":61},"2":{"name":"(anonymous_2)","decl":{"start":{"line":88,"column":4},"end":{"line":88,"column":5}},"loc":{"start":{"line":88,"column":45},"end":{"line":120,"column":5}},"line":88},"3":{"name":"(anonymous_3)","decl":{"start":{"line":122,"column":4},"end":{"line":122,"column":5}},"loc":{"start":{"line":122,"column":48},"end":{"line":143,"column":5}},"line":122},"4":{"name":"(anonymous_4)","decl":{"start":{"line":138,"column":31},"end":{"line":138,"column":32}},"loc":{"start":{"line":138,"column":41},"end":{"line":138,"column":70}},"line":138},"5":{"name":"(anonymous_5)","decl":{"start":{"line":145,"column":4},"end":{"line":145,"column":5}},"loc":{"start":{"line":145,"column":47},"end":{"line":166,"column":5}},"line":145},"6":{"name":"(anonymous_6)","decl":{"start":{"line":161,"column":31},"end":{"line":161,"column":32}},"loc":{"start":{"line":161,"column":41},"end":{"line":161,"column":70}},"line":161},"7":{"name":"(anonymous_7)","decl":{"start":{"line":168,"column":4},"end":{"line":168,"column":5}},"loc":{"start":{"line":168,"column":48},"end":{"line":231,"column":5}},"line":168},"8":{"name":"(anonymous_8)","decl":{"start":{"line":233,"column":4},"end":{"line":233,"column":5}},"loc":{"start":{"line":233,"column":39},"end":{"line":266,"column":5}},"line":233},"9":{"name":"(anonymous_9)","decl":{"start":{"line":268,"column":4},"end":{"line":268,"column":5}},"loc":{"start":{"line":268,"column":55},"end":{"line":295,"column":5}},"line":268},"10":{"name":"(anonymous_10)","decl":{"start":{"line":297,"column":4},"end":{"line":297,"column":5}},"loc":{"start":{"line":297,"column":56},"end":{"line":331,"column":5}},"line":297},"11":{"name":"(anonymous_11)","decl":{"start":{"line":303,"column":32},"end":{"line":303,"column":33}},"loc":{"start":{"line":303,"column":54},"end":{"line":311,"column":17}},"line":303},"12":{"name":"(anonymous_12)","decl":{"start":{"line":322,"column":61},"end":{"line":322,"column":62}},"loc":{"start":{"line":322,"column":66},"end":{"line":322,"column":78}},"line":322}},"branchMap":{"0":{"loc":{"start":{"line":14,"column":12},"end":{"line":16,"column":13}},"type":"if","locations":[{"start":{"line":14,"column":12},"end":{"line":16,"column":13}},{"start":{},"end":{}}],"line":14},"1":{"loc":{"start":{"line":22,"column":12},"end":{"line":24,"column":13}},"type":"if","locations":[{"start":{"line":22,"column":12},"end":{"line":24,"column":13}},{"start":{},"end":{}}],"line":22},"2":{"loc":{"start":{"line":28,"column":12},"end":{"line":30,"column":13}},"type":"if","locations":[{"start":{"line":28,"column":12},"end":{"line":30,"column":13}},{"start":{},"end":{}}],"line":28},"3":{"loc":{"start":{"line":33,"column":12},"end":{"line":35,"column":13}},"type":"if","locations":[{"start":{"line":33,"column":12},"end":{"line":35,"column":13}},{"start":{},"end":{}}],"line":33},"4":{"loc":{"start":{"line":65,"column":12},"end":{"line":67,"column":13}},"type":"if","locations":[{"start":{"line":65,"column":12},"end":{"line":67,"column":13}},{"start":{},"end":{}}],"line":65},"5":{"loc":{"start":{"line":92,"column":12},"end":{"line":94,"column":13}},"type":"if","locations":[{"start":{"line":92,"column":12},"end":{"line":94,"column":13}},{"start":{},"end":{}}],"line":92},"6":{"loc":{"start":{"line":98,"column":12},"end":{"line":100,"column":13}},"type":"if","locations":[{"start":{"line":98,"column":12},"end":{"line":100,"column":13}},{"start":{},"end":{}}],"line":98},"7":{"loc":{"start":{"line":122,"column":17},"end":{"line":122,"column":29}},"type":"default-arg","locations":[{"start":{"line":122,"column":27},"end":{"line":122,"column":29}}],"line":122},"8":{"loc":{"start":{"line":172,"column":12},"end":{"line":174,"column":13}},"type":"if","locations":[{"start":{"line":172,"column":12},"end":{"line":174,"column":13}},{"start":{},"end":{}}],"line":172},"9":{"loc":{"start":{"line":177,"column":12},"end":{"line":187,"column":13}},"type":"if","locations":[{"start":{"line":177,"column":12},"end":{"line":187,"column":13}},{"start":{},"end":{}}],"line":177},"10":{"loc":{"start":{"line":181,"column":16},"end":{"line":186,"column":17}},"type":"if","locations":[{"start":{"line":181,"column":16},"end":{"line":186,"column":17}},{"start":{},"end":{}}],"line":181},"11":{"loc":{"start":{"line":183,"column":20},"end":{"line":185,"column":21}},"type":"if","locations":[{"start":{"line":183,"column":20},"end":{"line":185,"column":21}},{"start":{},"end":{}}],"line":183},"12":{"loc":{"start":{"line":189,"column":12},"end":{"line":191,"column":13}},"type":"if","locations":[{"start":{"line":189,"column":12},"end":{"line":191,"column":13}},{"start":{},"end":{}}],"line":189},"13":{"loc":{"start":{"line":193,"column":12},"end":{"line":195,"column":13}},"type":"if","locations":[{"start":{"line":193,"column":12},"end":{"line":195,"column":13}},{"start":{},"end":{}}],"line":193},"14":{"loc":{"start":{"line":197,"column":12},"end":{"line":199,"column":13}},"type":"if","locations":[{"start":{"line":197,"column":12},"end":{"line":199,"column":13}},{"start":{},"end":{}}],"line":197},"15":{"loc":{"start":{"line":202,"column":12},"end":{"line":204,"column":13}},"type":"if","locations":[{"start":{"line":202,"column":12},"end":{"line":204,"column":13}},{"start":{},"end":{}}],"line":202},"16":{"loc":{"start":{"line":209,"column":12},"end":{"line":211,"column":13}},"type":"if","locations":[{"start":{"line":209,"column":12},"end":{"line":211,"column":13}},{"start":{},"end":{}}],"line":209},"17":{"loc":{"start":{"line":237,"column":12},"end":{"line":239,"column":13}},"type":"if","locations":[{"start":{"line":237,"column":12},"end":{"line":239,"column":13}},{"start":{},"end":{}}],"line":237},"18":{"loc":{"start":{"line":244,"column":12},"end":{"line":246,"column":13}},"type":"if","locations":[{"start":{"line":244,"column":12},"end":{"line":246,"column":13}},{"start":{},"end":{}}],"line":244},"19":{"loc":{"start":{"line":272,"column":12},"end":{"line":274,"column":13}},"type":"if","locations":[{"start":{"line":272,"column":12},"end":{"line":274,"column":13}},{"start":{},"end":{}}],"line":272},"20":{"loc":{"start":{"line":285,"column":26},"end":{"line":285,"column":69}},"type":"cond-expr","locations":[{"start":{"line":285,"column":47},"end":{"line":285,"column":55}},{"start":{"line":285,"column":58},"end":{"line":285,"column":69}}],"line":285},"21":{"loc":{"start":{"line":309,"column":43},"end":{"line":309,"column":67}},"type":"binary-expr","locations":[{"start":{"line":309,"column":43},"end":{"line":309,"column":59}},{"start":{"line":309,"column":63},"end":{"line":309,"column":67}}],"line":309}},"s":{"0":1,"1":1,"2":1,"3":1,"4":1,"5":1,"6":0,"7":0,"8":0,"9":0,"10":0,"11":0,"12":0,"13":0,"14":0,"15":0,"16":0,"17":0,"18":0,"19":0,"20":0,"21":0,"22":0,"23":0,"24":0,"25":3,"26":3,"27":3,"28":1,"29":2,"30":2,"31":1,"32":0,"33":0,"34":0,"35":0,"36":0,"37":0,"38":0,"39":0,"40":0,"41":0,"42":2,"43":2,"44":2,"45":2,"46":4,"47":0,"48":0,"49":0,"50":0,"51":0,"52":0,"53":0,"54":3,"55":3,"56":3,"57":1,"58":2,"59":1,"60":1,"61":1,"62":1,"63":0,"64":2,"65":0,"66":2,"67":0,"68":2,"69":0,"70":2,"71":0,"72":2,"73":2,"74":0,"75":2,"76":2,"77":2,"78":1,"79":2,"80":2,"81":2,"82":1,"83":1,"84":1,"85":0,"86":1,"87":1,"88":1,"89":0,"90":0,"91":0,"92":0,"93":0,"94":0,"95":0,"96":0,"97":0,"98":0,"99":0,"100":0,"101":0,"102":0,"103":0,"104":0,"105":0,"106":0,"107":1},"f":{"0":0,"1":3,"2":0,"3":2,"4":4,"5":0,"6":0,"7":3,"8":2,"9":0,"10":0,"11":0,"12":0},"b":{"0":[0,0],"1":[0,0],"2":[0,0],"3":[0,0],"4":[1,2],"5":[0,0],"6":[0,0],"7":[0],"8":[1,2],"9":[1,1],"10":[1,0],"11":[0,1],"12":[0,2],"13":[0,2],"14":[0,2],"15":[0,2],"16":[0,2],"17":[1,1],"18":[0,1],"19":[0,0],"20":[0,0],"21":[0,0]},"_coverageSchema":"1a1c01bbd47fc00a2c39e90264f33305004495a9","hash":"b05b2030fa87bbf6819c5dd689ba6358416f816e"}
,"/home/ramonsouto/projetos/agenda/backend/src/tests/helpers/testHelpers.js": {"path":"/home/ramonsouto/projetos/agenda/backend/src/tests/helpers/testHelpers.js","statementMap":{"0":{"start":{"line":1,"column":12},"end":{"line":1,"column":35}},"1":{"start":{"line":2,"column":15},"end":{"line":2,"column":34}},"2":{"start":{"line":3,"column":15},"end":{"line":3,"column":42}},"3":{"start":{"line":4,"column":18},"end":{"line":4,"column":44}},"4":{"start":{"line":12,"column":8},"end":{"line":14,"column":11}},"5":{"start":{"line":22,"column":8},"end":{"line":48,"column":9}},"6":{"start":{"line":55,"column":8},"end":{"line":55,"column":75}},"7":{"start":{"line":62,"column":8},"end":{"line":66,"column":9}},"8":{"start":{"line":73,"column":23},"end":{"line":88,"column":9}},"9":{"start":{"line":91,"column":8},"end":{"line":93,"column":9}},"10":{"start":{"line":92,"column":12},"end":{"line":92,"column":42}},"11":{"start":{"line":95,"column":8},"end":{"line":95,"column":22}},"12":{"start":{"line":102,"column":27},"end":{"line":102,"column":37}},"13":{"start":{"line":103,"column":8},"end":{"line":103,"column":53}},"14":{"start":{"line":105,"column":8},"end":{"line":117,"column":10}},"15":{"start":{"line":124,"column":19},"end":{"line":124,"column":49}},"16":{"start":{"line":125,"column":19},"end":{"line":125,"column":49}},"17":{"start":{"line":126,"column":19},"end":{"line":126,"column":49}},"18":{"start":{"line":127,"column":19},"end":{"line":127,"column":49}},"19":{"start":{"line":128,"column":19},"end":{"line":128,"column":49}},"20":{"start":{"line":129,"column":19},"end":{"line":129,"column":49}},"21":{"start":{"line":130,"column":19},"end":{"line":130,"column":49}},"22":{"start":{"line":131,"column":19},"end":{"line":131,"column":49}},"23":{"start":{"line":132,"column":19},"end":{"line":132,"column":49}},"24":{"start":{"line":134,"column":17},"end":{"line":134,"column":96}},"25":{"start":{"line":135,"column":8},"end":{"line":135,"column":28}},"26":{"start":{"line":136,"column":8},"end":{"line":136,"column":29}},"27":{"start":{"line":136,"column":22},"end":{"line":136,"column":29}},"28":{"start":{"line":138,"column":17},"end":{"line":138,"column":106}},"29":{"start":{"line":139,"column":8},"end":{"line":139,"column":28}},"30":{"start":{"line":140,"column":8},"end":{"line":140,"column":29}},"31":{"start":{"line":140,"column":22},"end":{"line":140,"column":29}},"32":{"start":{"line":142,"column":8},"end":{"line":142,"column":73}},"33":{"start":{"line":149,"column":8},"end":{"line":149,"column":47}},"34":{"start":{"line":156,"column":8},"end":{"line":156,"column":59}},"35":{"start":{"line":157,"column":8},"end":{"line":157,"column":65}},"36":{"start":{"line":158,"column":8},"end":{"line":158,"column":71}},"37":{"start":{"line":159,"column":8},"end":{"line":159,"column":64}},"38":{"start":{"line":160,"column":8},"end":{"line":160,"column":59}},"39":{"start":{"line":161,"column":8},"end":{"line":161,"column":56}},"40":{"start":{"line":162,"column":8},"end":{"line":162,"column":59}},"41":{"start":{"line":170,"column":25},"end":{"line":173,"column":9}},"42":{"start":{"line":175,"column":25},"end":{"line":175,"column":40}},"43":{"start":{"line":178,"column":26},"end":{"line":178,"column":61}},"44":{"start":{"line":180,"column":24},"end":{"line":206,"column":9}},"45":{"start":{"line":208,"column":27},"end":{"line":208,"column":29}},"46":{"start":{"line":210,"column":8},"end":{"line":226,"column":9}},"47":{"start":{"line":211,"column":29},"end":{"line":223,"column":13}},"48":{"start":{"line":225,"column":12},"end":{"line":225,"column":54}},"49":{"start":{"line":228,"column":8},"end":{"line":228,"column":26}},"50":{"start":{"line":235,"column":8},"end":{"line":235,"column":63}},"51":{"start":{"line":235,"column":38},"end":{"line":235,"column":61}},"52":{"start":{"line":239,"column":0},"end":{"line":239,"column":29}}},"fnMap":{"0":{"name":"(anonymous_0)","decl":{"start":{"line":11,"column":4},"end":{"line":11,"column":5}},"loc":{"start":{"line":11,"column":34},"end":{"line":15,"column":5}},"line":11},"1":{"name":"(anonymous_1)","decl":{"start":{"line":21,"column":4},"end":{"line":21,"column":5}},"loc":{"start":{"line":21,"column":28},"end":{"line":49,"column":5}},"line":21},"2":{"name":"(anonymous_2)","decl":{"start":{"line":54,"column":4},"end":{"line":54,"column":5}},"loc":{"start":{"line":54,"column":34},"end":{"line":56,"column":5}},"line":54},"3":{"name":"(anonymous_3)","decl":{"start":{"line":61,"column":4},"end":{"line":61,"column":5}},"loc":{"start":{"line":61,"column":34},"end":{"line":67,"column":5}},"line":61},"4":{"name":"(anonymous_4)","decl":{"start":{"line":72,"column":4},"end":{"line":72,"column":5}},"loc":{"start":{"line":72,"column":49},"end":{"line":96,"column":5}},"line":72},"5":{"name":"(anonymous_5)","decl":{"start":{"line":101,"column":4},"end":{"line":101,"column":5}},"loc":{"start":{"line":101,"column":37},"end":{"line":118,"column":5}},"line":101},"6":{"name":"(anonymous_6)","decl":{"start":{"line":123,"column":4},"end":{"line":123,"column":5}},"loc":{"start":{"line":123,"column":25},"end":{"line":143,"column":5}},"line":123},"7":{"name":"(anonymous_7)","decl":{"start":{"line":148,"column":4},"end":{"line":148,"column":5}},"loc":{"start":{"line":148,"column":40},"end":{"line":150,"column":5}},"line":148},"8":{"name":"(anonymous_8)","decl":{"start":{"line":155,"column":4},"end":{"line":155,"column":5}},"loc":{"start":{"line":155,"column":41},"end":{"line":163,"column":5}},"line":155},"9":{"name":"(anonymous_9)","decl":{"start":{"line":168,"column":4},"end":{"line":168,"column":5}},"loc":{"start":{"line":168,"column":40},"end":{"line":229,"column":5}},"line":168},"10":{"name":"(anonymous_10)","decl":{"start":{"line":234,"column":4},"end":{"line":234,"column":5}},"loc":{"start":{"line":234,"column":21},"end":{"line":236,"column":5}},"line":234},"11":{"name":"(anonymous_11)","decl":{"start":{"line":235,"column":27},"end":{"line":235,"column":28}},"loc":{"start":{"line":235,"column":38},"end":{"line":235,"column":61}},"line":235}},"branchMap":{"0":{"loc":{"start":{"line":72,"column":30},"end":{"line":72,"column":47}},"type":"default-arg","locations":[{"start":{"line":72,"column":37},"end":{"line":72,"column":47}}],"line":72},"1":{"loc":{"start":{"line":91,"column":8},"end":{"line":93,"column":9}},"type":"if","locations":[{"start":{"line":91,"column":8},"end":{"line":93,"column":9}},{"start":{},"end":{}}],"line":91},"2":{"loc":{"start":{"line":136,"column":8},"end":{"line":136,"column":29}},"type":"if","locations":[{"start":{"line":136,"column":8},"end":{"line":136,"column":29}},{"start":{},"end":{}}],"line":136},"3":{"loc":{"start":{"line":140,"column":8},"end":{"line":140,"column":29}},"type":"if","locations":[{"start":{"line":140,"column":8},"end":{"line":140,"column":29}},{"start":{},"end":{}}],"line":140},"4":{"loc":{"start":{"line":221,"column":20},"end":{"line":221,"column":65}},"type":"cond-expr","locations":[{"start":{"line":221,"column":49},"end":{"line":221,"column":53}},{"start":{"line":221,"column":56},"end":{"line":221,"column":65}}],"line":221}},"s":{"0":2,"1":2,"2":2,"3":2,"4":0,"5":0,"6":0,"7":0,"8":5,"9":5,"10":1,"11":5,"12":0,"13":0,"14":0,"15":5,"16":5,"17":5,"18":5,"19":5,"20":5,"21":5,"22":5,"23":5,"24":5,"25":5,"26":5,"27":0,"28":5,"29":5,"30":5,"31":0,"32":5,"33":0,"34":0,"35":0,"36":0,"37":0,"38":0,"39":0,"40":0,"41":0,"42":0,"43":0,"44":0,"45":0,"46":0,"47":0,"48":0,"49":0,"50":0,"51":0,"52":2},"f":{"0":0,"1":0,"2":0,"3":0,"4":5,"5":0,"6":5,"7":0,"8":0,"9":0,"10":0,"11":0},"b":{"0":[0],"1":[1,4],"2":[0,5],"3":[0,5],"4":[0,0]},"_coverageSchema":"1a1c01bbd47fc00a2c39e90264f33305004495a9","hash":"4efd3f0f24eb933808ad65fefde7bea84787082a"}
,"/home/ramonsouto/projetos/agenda/backend/src/utils/constants.js": {"path":"/home/ramonsouto/projetos/agenda/backend/src/utils/constants.js","statementMap":{"0":{"start":{"line":1,"column":0},"end":{"line":89,"column":2}}},"fnMap":{},"branchMap":{},"s":{"0":2},"f":{},"b":{},"_coverageSchema":"1a1c01bbd47fc00a2c39e90264f33305004495a9","hash":"58816bb4e2863ecec640af751d6db07d4b614bbb"}
,"/home/ramonsouto/projetos/agenda/backend/src/utils/formatters.js": {"path":"/home/ramonsouto/projetos/agenda/backend/src/utils/formatters.js","statementMap":{"0":{"start":{"line":1,"column":29},"end":{"line":1,"column":48}},"1":{"start":{"line":2,"column":17},"end":{"line":2,"column":43}},"2":{"start":{"line":4,"column":0},"end":{"line":51,"column":2}},"3":{"start":{"line":6,"column":8},"end":{"line":6,"column":74}},"4":{"start":{"line":10,"column":8},"end":{"line":10,"column":54}},"5":{"start":{"line":14,"column":8},"end":{"line":16,"column":9}},"6":{"start":{"line":15,"column":12},"end":{"line":15,"column":75}},"7":{"start":{"line":17,"column":8},"end":{"line":17,"column":71}},"8":{"start":{"line":21,"column":8},"end":{"line":21,"column":31}},"9":{"start":{"line":21,"column":19},"end":{"line":21,"column":31}},"10":{"start":{"line":22,"column":8},"end":{"line":22,"column":99}},"11":{"start":{"line":26,"column":8},"end":{"line":26,"column":31}},"12":{"start":{"line":26,"column":19},"end":{"line":26,"column":31}},"13":{"start":{"line":27,"column":8},"end":{"line":27,"column":99}},"14":{"start":{"line":31,"column":8},"end":{"line":31,"column":41}},"15":{"start":{"line":35,"column":8},"end":{"line":35,"column":41}},"16":{"start":{"line":39,"column":8},"end":{"line":39,"column":46}},"17":{"start":{"line":43,"column":22},"end":{"line":43,"column":35}},"18":{"start":{"line":44,"column":8},"end":{"line":48,"column":11}},"19":{"start":{"line":45,"column":12},"end":{"line":47,"column":13}},"20":{"start":{"line":46,"column":16},"end":{"line":46,"column":36}},"21":{"start":{"line":49,"column":8},"end":{"line":49,"column":21}}},"fnMap":{"0":{"name":"(anonymous_0)","decl":{"start":{"line":5,"column":4},"end":{"line":5,"column":5}},"loc":{"start":{"line":5,"column":21},"end":{"line":7,"column":5}},"line":5},"1":{"name":"(anonymous_1)","decl":{"start":{"line":9,"column":4},"end":{"line":9,"column":5}},"loc":{"start":{"line":9,"column":21},"end":{"line":11,"column":5}},"line":9},"2":{"name":"(anonymous_2)","decl":{"start":{"line":13,"column":4},"end":{"line":13,"column":5}},"loc":{"start":{"line":13,"column":31},"end":{"line":18,"column":5}},"line":13},"3":{"name":"(anonymous_3)","decl":{"start":{"line":20,"column":4},"end":{"line":20,"column":5}},"loc":{"start":{"line":20,"column":47},"end":{"line":23,"column":5}},"line":20},"4":{"name":"(anonymous_4)","decl":{"start":{"line":25,"column":4},"end":{"line":25,"column":5}},"loc":{"start":{"line":25,"column":57},"end":{"line":28,"column":5}},"line":25},"5":{"name":"(anonymous_5)","decl":{"start":{"line":30,"column":4},"end":{"line":30,"column":5}},"loc":{"start":{"line":30,"column":19},"end":{"line":32,"column":5}},"line":30},"6":{"name":"(anonymous_6)","decl":{"start":{"line":34,"column":4},"end":{"line":34,"column":5}},"loc":{"start":{"line":34,"column":19},"end":{"line":36,"column":5}},"line":34},"7":{"name":"(anonymous_7)","decl":{"start":{"line":38,"column":4},"end":{"line":38,"column":5}},"loc":{"start":{"line":38,"column":29},"end":{"line":40,"column":5}},"line":38},"8":{"name":"(anonymous_8)","decl":{"start":{"line":42,"column":4},"end":{"line":42,"column":5}},"loc":{"start":{"line":42,"column":72},"end":{"line":50,"column":5}},"line":42},"9":{"name":"(anonymous_9)","decl":{"start":{"line":44,"column":23},"end":{"line":44,"column":24}},"loc":{"start":{"line":44,"column":32},"end":{"line":48,"column":9}},"line":44}},"branchMap":{"0":{"loc":{"start":{"line":14,"column":8},"end":{"line":16,"column":9}},"type":"if","locations":[{"start":{"line":14,"column":8},"end":{"line":16,"column":9}},{"start":{},"end":{}}],"line":14},"1":{"loc":{"start":{"line":20,"column":23},"end":{"line":20,"column":45}},"type":"default-arg","locations":[{"start":{"line":20,"column":33},"end":{"line":20,"column":45}}],"line":20},"2":{"loc":{"start":{"line":21,"column":8},"end":{"line":21,"column":31}},"type":"if","locations":[{"start":{"line":21,"column":8},"end":{"line":21,"column":31}},{"start":{},"end":{}}],"line":21},"3":{"loc":{"start":{"line":22,"column":22},"end":{"line":22,"column":70}},"type":"cond-expr","locations":[{"start":{"line":22,"column":49},"end":{"line":22,"column":63}},{"start":{"line":22,"column":66},"end":{"line":22,"column":70}}],"line":22},"4":{"loc":{"start":{"line":25,"column":27},"end":{"line":25,"column":55}},"type":"default-arg","locations":[{"start":{"line":25,"column":37},"end":{"line":25,"column":55}}],"line":25},"5":{"loc":{"start":{"line":26,"column":8},"end":{"line":26,"column":31}},"type":"if","locations":[{"start":{"line":26,"column":8},"end":{"line":26,"column":31}},{"start":{},"end":{}}],"line":26},"6":{"loc":{"start":{"line":27,"column":22},"end":{"line":27,"column":70}},"type":"cond-expr","locations":[{"start":{"line":27,"column":49},"end":{"line":27,"column":63}},{"start":{"line":27,"column":66},"end":{"line":27,"column":70}}],"line":27},"7":{"loc":{"start":{"line":42,"column":34},"end":{"line":42,"column":70}},"type":"default-arg","locations":[{"start":{"line":42,"column":43},"end":{"line":42,"column":70}}],"line":42},"8":{"loc":{"start":{"line":45,"column":12},"end":{"line":47,"column":13}},"type":"if","locations":[{"start":{"line":45,"column":12},"end":{"line":47,"column":13}},{"start":{},"end":{}}],"line":45}},"s":{"0":1,"1":1,"2":1,"3":0,"4":0,"5":0,"6":0,"7":0,"8":0,"9":0,"10":0,"11":0,"12":0,"13":0,"14":1,"15":0,"16":0,"17":8,"18":8,"19":16,"20":3,"21":8},"f":{"0":0,"1":0,"2":0,"3":0,"4":0,"5":1,"6":0,"7":0,"8":8,"9":16},"b":{"0":[0,0],"1":[0],"2":[0,0],"3":[0,0],"4":[0],"5":[0,0],"6":[0,0],"7":[8],"8":[3,13]},"_coverageSchema":"1a1c01bbd47fc00a2c39e90264f33305004495a9","hash":"70a0bdce1937b14d46b802bddcc62cdc64fb3f6e"}
,"/home/ramonsouto/projetos/agenda/backend/src/utils/validators.js": {"path":"/home/ramonsouto/projetos/agenda/backend/src/utils/validators.js","statementMap":{"0":{"start":{"line":1,"column":12},"end":{"line":1,"column":26}},"1":{"start":{"line":3,"column":19},"end":{"line":94,"column":1}},"2":{"start":{"line":6,"column":8},"end":{"line":6,"column":40}},"3":{"start":{"line":8,"column":8},"end":{"line":10,"column":9}},"4":{"start":{"line":9,"column":12},"end":{"line":9,"column":25}},"5":{"start":{"line":12,"column":19},"end":{"line":12,"column":20}},"6":{"start":{"line":15,"column":8},"end":{"line":17,"column":9}},"7":{"start":{"line":15,"column":21},"end":{"line":15,"column":22}},"8":{"start":{"line":16,"column":12},"end":{"line":16,"column":65}},"9":{"start":{"line":19,"column":8},"end":{"line":19,"column":33}},"10":{"start":{"line":20,"column":8},"end":{"line":20,"column":52}},"11":{"start":{"line":20,"column":42},"end":{"line":20,"column":52}},"12":{"start":{"line":21,"column":8},"end":{"line":21,"column":67}},"13":{"start":{"line":21,"column":54},"end":{"line":21,"column":67}},"14":{"start":{"line":23,"column":8},"end":{"line":23,"column":17}},"15":{"start":{"line":24,"column":8},"end":{"line":26,"column":9}},"16":{"start":{"line":24,"column":21},"end":{"line":24,"column":22}},"17":{"start":{"line":25,"column":12},"end":{"line":25,"column":65}},"18":{"start":{"line":28,"column":8},"end":{"line":28,"column":33}},"19":{"start":{"line":29,"column":8},"end":{"line":29,"column":52}},"20":{"start":{"line":29,"column":42},"end":{"line":29,"column":52}},"21":{"start":{"line":30,"column":8},"end":{"line":30,"column":68}},"22":{"start":{"line":30,"column":55},"end":{"line":30,"column":68}},"23":{"start":{"line":32,"column":8},"end":{"line":32,"column":20}},"24":{"start":{"line":42,"column":12},"end":{"line":44,"column":13}},"25":{"start":{"line":43,"column":16},"end":{"line":43,"column":52}},"26":{"start":{"line":45,"column":12},"end":{"line":45,"column":25}},"27":{"start":{"line":96,"column":0},"end":{"line":96,"column":28}}},"fnMap":{"0":{"name":"(anonymous_0)","decl":{"start":{"line":5,"column":4},"end":{"line":5,"column":5}},"loc":{"start":{"line":5,"column":19},"end":{"line":33,"column":5}},"line":5},"1":{"name":"(anonymous_1)","decl":{"start":{"line":41,"column":59},"end":{"line":41,"column":60}},"loc":{"start":{"line":41,"column":79},"end":{"line":46,"column":9}},"line":41}},"branchMap":{"0":{"loc":{"start":{"line":8,"column":8},"end":{"line":10,"column":9}},"type":"if","locations":[{"start":{"line":8,"column":8},"end":{"line":10,"column":9}},{"start":{},"end":{}}],"line":8},"1":{"loc":{"start":{"line":8,"column":12},"end":{"line":8,"column":57}},"type":"binary-expr","locations":[{"start":{"line":8,"column":12},"end":{"line":8,"column":29}},{"start":{"line":8,"column":33},"end":{"line":8,"column":57}}],"line":8},"2":{"loc":{"start":{"line":20,"column":8},"end":{"line":20,"column":52}},"type":"if","locations":[{"start":{"line":20,"column":8},"end":{"line":20,"column":52}},{"start":{},"end":{}}],"line":20},"3":{"loc":{"start":{"line":20,"column":12},"end":{"line":20,"column":40}},"type":"binary-expr","locations":[{"start":{"line":20,"column":12},"end":{"line":20,"column":24}},{"start":{"line":20,"column":28},"end":{"line":20,"column":40}}],"line":20},"4":{"loc":{"start":{"line":21,"column":8},"end":{"line":21,"column":67}},"type":"if","locations":[{"start":{"line":21,"column":8},"end":{"line":21,"column":67}},{"start":{},"end":{}}],"line":21},"5":{"loc":{"start":{"line":29,"column":8},"end":{"line":29,"column":52}},"type":"if","locations":[{"start":{"line":29,"column":8},"end":{"line":29,"column":52}},{"start":{},"end":{}}],"line":29},"6":{"loc":{"start":{"line":29,"column":12},"end":{"line":29,"column":40}},"type":"binary-expr","locations":[{"start":{"line":29,"column":12},"end":{"line":29,"column":24}},{"start":{"line":29,"column":28},"end":{"line":29,"column":40}}],"line":29},"7":{"loc":{"start":{"line":30,"column":8},"end":{"line":30,"column":68}},"type":"if","locations":[{"start":{"line":30,"column":8},"end":{"line":30,"column":68}},{"start":{},"end":{}}],"line":30},"8":{"loc":{"start":{"line":42,"column":12},"end":{"line":44,"column":13}},"type":"if","locations":[{"start":{"line":42,"column":12},"end":{"line":44,"column":13}},{"start":{},"end":{}}],"line":42}},"s":{"0":1,"1":1,"2":0,"3":0,"4":0,"5":0,"6":0,"7":0,"8":0,"9":0,"10":0,"11":0,"12":0,"13":0,"14":0,"15":0,"16":0,"17":0,"18":0,"19":0,"20":0,"21":0,"22":0,"23":0,"24":0,"25":0,"26":0,"27":1},"f":{"0":0,"1":0},"b":{"0":[0,0],"1":[0,0],"2":[0,0],"3":[0,0],"4":[0,0],"5":[0,0],"6":[0,0],"7":[0,0],"8":[0,0]},"_coverageSchema":"1a1c01bbd47fc00a2c39e90264f33305004495a9","hash":"2b3d3eed52f877e9bdcfcd62c0ad55de235b569a"}
}
