{"/home/ramonsouto/projetos/agenda/backend/src/services/PessoaService.js": {"path":"/home/ramonsouto/projetos/agenda/backend/src/services/PessoaService.js","statementMap":{"0":{"start":{"line":1,"column":15},"end":{"line":1,"column":34}},"1":{"start":{"line":2,"column":20},"end":{"line":2,"column":52}},"2":{"start":{"line":3,"column":19},"end":{"line":3,"column":42}},"3":{"start":{"line":4,"column":46},"end":{"line":4,"column":75}},"4":{"start":{"line":5,"column":19},"end":{"line":5,"column":49}},"5":{"start":{"line":6,"column":72},"end":{"line":6,"column":102}},"6":{"start":{"line":10,"column":8},"end":{"line":66,"column":9}},"7":{"start":{"line":13,"column":37},"end":{"line":13,"column":76}},"8":{"start":{"line":15,"column":12},"end":{"line":17,"column":13}},"9":{"start":{"line":16,"column":16},"end":{"line":16,"column":92}},"10":{"start":{"line":20,"column":12},"end":{"line":20,"column":53}},"11":{"start":{"line":21,"column":12},"end":{"line":21,"column":53}},"12":{"start":{"line":23,"column":12},"end":{"line":23,"column":70}},"13":{"start":{"line":24,"column":12},"end":{"line":26,"column":13}},"14":{"start":{"line":25,"column":16},"end":{"line":25,"column":74}},"15":{"start":{"line":29,"column":33},"end":{"line":29,"column":78}},"16":{"start":{"line":31,"column":12},"end":{"line":31,"column":61}},"17":{"start":{"line":33,"column":12},"end":{"line":35,"column":13}},"18":{"start":{"line":34,"column":16},"end":{"line":34,"column":62}},"19":{"start":{"line":38,"column":12},"end":{"line":40,"column":13}},"20":{"start":{"line":39,"column":16},"end":{"line":39,"column":73}},"21":{"start":{"line":45,"column":29},"end":{"line":45,"column":59}},"22":{"start":{"line":48,"column":12},"end":{"line":58,"column":15}},"23":{"start":{"line":60,"column":27},"end":{"line":60,"column":66}},"24":{"start":{"line":62,"column":12},"end":{"line":62,"column":49}},"25":{"start":{"line":65,"column":12},"end":{"line":65,"column":24}},"26":{"start":{"line":70,"column":8},"end":{"line":93,"column":9}},"27":{"start":{"line":71,"column":27},"end":{"line":71,"column":60}},"28":{"start":{"line":73,"column":12},"end":{"line":75,"column":13}},"29":{"start":{"line":74,"column":16},"end":{"line":74,"column":63}},"30":{"start":{"line":78,"column":12},"end":{"line":87,"column":15}},"31":{"start":{"line":89,"column":12},"end":{"line":89,"column":49}},"32":{"start":{"line":92,"column":12},"end":{"line":92,"column":24}},"33":{"start":{"line":97,"column":8},"end":{"line":127,"column":9}},"34":{"start":{"line":98,"column":29},"end":{"line":98,"column":43}},"35":{"start":{"line":100,"column":12},"end":{"line":102,"column":13}},"36":{"start":{"line":101,"column":16},"end":{"line":101,"column":48}},"37":{"start":{"line":104,"column":27},"end":{"line":104,"column":67}},"38":{"start":{"line":106,"column":12},"end":{"line":108,"column":13}},"39":{"start":{"line":107,"column":16},"end":{"line":107,"column":57}},"40":{"start":{"line":111,"column":12},"end":{"line":121,"column":15}},"41":{"start":{"line":123,"column":12},"end":{"line":123,"column":49}},"42":{"start":{"line":126,"column":12},"end":{"line":126,"column":24}},"43":{"start":{"line":131,"column":8},"end":{"line":150,"column":9}},"44":{"start":{"line":132,"column":28},"end":{"line":132,"column":61}},"45":{"start":{"line":135,"column":12},"end":{"line":144,"column":15}},"46":{"start":{"line":146,"column":12},"end":{"line":146,"column":72}},"47":{"start":{"line":146,"column":41},"end":{"line":146,"column":70}},"48":{"start":{"line":149,"column":12},"end":{"line":149,"column":24}},"49":{"start":{"line":154,"column":8},"end":{"line":173,"column":9}},"50":{"start":{"line":155,"column":28},"end":{"line":155,"column":65}},"51":{"start":{"line":158,"column":12},"end":{"line":167,"column":15}},"52":{"start":{"line":169,"column":12},"end":{"line":169,"column":72}},"53":{"start":{"line":169,"column":41},"end":{"line":169,"column":70}},"54":{"start":{"line":172,"column":12},"end":{"line":172,"column":24}},"55":{"start":{"line":177,"column":8},"end":{"line":238,"column":9}},"56":{"start":{"line":178,"column":36},"end":{"line":178,"column":69}},"57":{"start":{"line":180,"column":12},"end":{"line":182,"column":13}},"58":{"start":{"line":181,"column":16},"end":{"line":181,"column":63}},"59":{"start":{"line":185,"column":12},"end":{"line":195,"column":13}},"60":{"start":{"line":186,"column":16},"end":{"line":186,"column":57}},"61":{"start":{"line":189,"column":16},"end":{"line":194,"column":17}},"62":{"start":{"line":190,"column":41},"end":{"line":190,"column":86}},"63":{"start":{"line":191,"column":20},"end":{"line":193,"column":21}},"64":{"start":{"line":192,"column":24},"end":{"line":192,"column":70}},"65":{"start":{"line":197,"column":12},"end":{"line":199,"column":13}},"66":{"start":{"line":198,"column":16},"end":{"line":198,"column":57}},"67":{"start":{"line":201,"column":12},"end":{"line":203,"column":13}},"68":{"start":{"line":202,"column":16},"end":{"line":202,"column":74}},"69":{"start":{"line":205,"column":12},"end":{"line":207,"column":13}},"70":{"start":{"line":206,"column":16},"end":{"line":206,"column":74}},"71":{"start":{"line":210,"column":12},"end":{"line":212,"column":13}},"72":{"start":{"line":211,"column":16},"end":{"line":211,"column":73}},"73":{"start":{"line":215,"column":31},"end":{"line":215,"column":69}},"74":{"start":{"line":217,"column":12},"end":{"line":219,"column":13}},"75":{"start":{"line":218,"column":16},"end":{"line":218,"column":60}},"76":{"start":{"line":222,"column":12},"end":{"line":231,"column":15}},"77":{"start":{"line":233,"column":37},"end":{"line":233,"column":70}},"78":{"start":{"line":234,"column":12},"end":{"line":234,"column":59}},"79":{"start":{"line":237,"column":12},"end":{"line":237,"column":24}},"80":{"start":{"line":242,"column":8},"end":{"line":273,"column":9}},"81":{"start":{"line":243,"column":27},"end":{"line":243,"column":60}},"82":{"start":{"line":245,"column":12},"end":{"line":247,"column":13}},"83":{"start":{"line":246,"column":16},"end":{"line":246,"column":63}},"84":{"start":{"line":250,"column":29},"end":{"line":250,"column":58}},"85":{"start":{"line":252,"column":12},"end":{"line":254,"column":13}},"86":{"start":{"line":253,"column":16},"end":{"line":253,"column":58}},"87":{"start":{"line":257,"column":12},"end":{"line":267,"column":15}},"88":{"start":{"line":269,"column":12},"end":{"line":269,"column":24}},"89":{"start":{"line":272,"column":12},"end":{"line":272,"column":24}},"90":{"start":{"line":277,"column":8},"end":{"line":302,"column":9}},"91":{"start":{"line":278,"column":27},"end":{"line":278,"column":60}},"92":{"start":{"line":280,"column":12},"end":{"line":282,"column":13}},"93":{"start":{"line":281,"column":16},"end":{"line":281,"column":63}},"94":{"start":{"line":284,"column":12},"end":{"line":284,"column":68}},"95":{"start":{"line":287,"column":12},"end":{"line":296,"column":15}},"96":{"start":{"line":298,"column":12},"end":{"line":298,"column":24}},"97":{"start":{"line":301,"column":12},"end":{"line":301,"column":24}},"98":{"start":{"line":306,"column":8},"end":{"line":338,"column":9}},"99":{"start":{"line":307,"column":32},"end":{"line":307,"column":87}},"100":{"start":{"line":308,"column":37},"end":{"line":308,"column":74}},"101":{"start":{"line":310,"column":41},"end":{"line":320,"column":13}},"102":{"start":{"line":312,"column":45},"end":{"line":312,"column":115}},"103":{"start":{"line":314,"column":20},"end":{"line":318,"column":22}},"104":{"start":{"line":323,"column":12},"end":{"line":332,"column":15}},"105":{"start":{"line":330,"column":66},"end":{"line":330,"column":78}},"106":{"start":{"line":334,"column":12},"end":{"line":334,"column":40}},"107":{"start":{"line":337,"column":12},"end":{"line":337,"column":24}},"108":{"start":{"line":342,"column":0},"end":{"line":342,"column":37}}},"fnMap":{"0":{"name":"(anonymous_0)","decl":{"start":{"line":9,"column":4},"end":{"line":9,"column":5}},"loc":{"start":{"line":9,"column":40},"end":{"line":67,"column":5}},"line":9},"1":{"name":"(anonymous_1)","decl":{"start":{"line":69,"column":4},"end":{"line":69,"column":5}},"loc":{"start":{"line":69,"column":43},"end":{"line":94,"column":5}},"line":69},"2":{"name":"(anonymous_2)","decl":{"start":{"line":96,"column":4},"end":{"line":96,"column":5}},"loc":{"start":{"line":96,"column":45},"end":{"line":128,"column":5}},"line":96},"3":{"name":"(anonymous_3)","decl":{"start":{"line":130,"column":4},"end":{"line":130,"column":5}},"loc":{"start":{"line":130,"column":48},"end":{"line":151,"column":5}},"line":130},"4":{"name":"(anonymous_4)","decl":{"start":{"line":146,"column":31},"end":{"line":146,"column":32}},"loc":{"start":{"line":146,"column":41},"end":{"line":146,"column":70}},"line":146},"5":{"name":"(anonymous_5)","decl":{"start":{"line":153,"column":4},"end":{"line":153,"column":5}},"loc":{"start":{"line":153,"column":47},"end":{"line":174,"column":5}},"line":153},"6":{"name":"(anonymous_6)","decl":{"start":{"line":169,"column":31},"end":{"line":169,"column":32}},"loc":{"start":{"line":169,"column":41},"end":{"line":169,"column":70}},"line":169},"7":{"name":"(anonymous_7)","decl":{"start":{"line":176,"column":4},"end":{"line":176,"column":5}},"loc":{"start":{"line":176,"column":48},"end":{"line":239,"column":5}},"line":176},"8":{"name":"(anonymous_8)","decl":{"start":{"line":241,"column":4},"end":{"line":241,"column":5}},"loc":{"start":{"line":241,"column":39},"end":{"line":274,"column":5}},"line":241},"9":{"name":"(anonymous_9)","decl":{"start":{"line":276,"column":4},"end":{"line":276,"column":5}},"loc":{"start":{"line":276,"column":55},"end":{"line":303,"column":5}},"line":276},"10":{"name":"(anonymous_10)","decl":{"start":{"line":305,"column":4},"end":{"line":305,"column":5}},"loc":{"start":{"line":305,"column":56},"end":{"line":339,"column":5}},"line":305},"11":{"name":"(anonymous_11)","decl":{"start":{"line":311,"column":32},"end":{"line":311,"column":33}},"loc":{"start":{"line":311,"column":54},"end":{"line":319,"column":17}},"line":311},"12":{"name":"(anonymous_12)","decl":{"start":{"line":330,"column":61},"end":{"line":330,"column":62}},"loc":{"start":{"line":330,"column":66},"end":{"line":330,"column":78}},"line":330}},"branchMap":{"0":{"loc":{"start":{"line":15,"column":12},"end":{"line":17,"column":13}},"type":"if","locations":[{"start":{"line":15,"column":12},"end":{"line":17,"column":13}},{"start":{},"end":{}}],"line":15},"1":{"loc":{"start":{"line":24,"column":12},"end":{"line":26,"column":13}},"type":"if","locations":[{"start":{"line":24,"column":12},"end":{"line":26,"column":13}},{"start":{},"end":{}}],"line":24},"2":{"loc":{"start":{"line":33,"column":12},"end":{"line":35,"column":13}},"type":"if","locations":[{"start":{"line":33,"column":12},"end":{"line":35,"column":13}},{"start":{},"end":{}}],"line":33},"3":{"loc":{"start":{"line":38,"column":12},"end":{"line":40,"column":13}},"type":"if","locations":[{"start":{"line":38,"column":12},"end":{"line":40,"column":13}},{"start":{},"end":{}}],"line":38},"4":{"loc":{"start":{"line":73,"column":12},"end":{"line":75,"column":13}},"type":"if","locations":[{"start":{"line":73,"column":12},"end":{"line":75,"column":13}},{"start":{},"end":{}}],"line":73},"5":{"loc":{"start":{"line":100,"column":12},"end":{"line":102,"column":13}},"type":"if","locations":[{"start":{"line":100,"column":12},"end":{"line":102,"column":13}},{"start":{},"end":{}}],"line":100},"6":{"loc":{"start":{"line":106,"column":12},"end":{"line":108,"column":13}},"type":"if","locations":[{"start":{"line":106,"column":12},"end":{"line":108,"column":13}},{"start":{},"end":{}}],"line":106},"7":{"loc":{"start":{"line":130,"column":17},"end":{"line":130,"column":29}},"type":"default-arg","locations":[{"start":{"line":130,"column":27},"end":{"line":130,"column":29}}],"line":130},"8":{"loc":{"start":{"line":180,"column":12},"end":{"line":182,"column":13}},"type":"if","locations":[{"start":{"line":180,"column":12},"end":{"line":182,"column":13}},{"start":{},"end":{}}],"line":180},"9":{"loc":{"start":{"line":185,"column":12},"end":{"line":195,"column":13}},"type":"if","locations":[{"start":{"line":185,"column":12},"end":{"line":195,"column":13}},{"start":{},"end":{}}],"line":185},"10":{"loc":{"start":{"line":189,"column":16},"end":{"line":194,"column":17}},"type":"if","locations":[{"start":{"line":189,"column":16},"end":{"line":194,"column":17}},{"start":{},"end":{}}],"line":189},"11":{"loc":{"start":{"line":191,"column":20},"end":{"line":193,"column":21}},"type":"if","locations":[{"start":{"line":191,"column":20},"end":{"line":193,"column":21}},{"start":{},"end":{}}],"line":191},"12":{"loc":{"start":{"line":197,"column":12},"end":{"line":199,"column":13}},"type":"if","locations":[{"start":{"line":197,"column":12},"end":{"line":199,"column":13}},{"start":{},"end":{}}],"line":197},"13":{"loc":{"start":{"line":201,"column":12},"end":{"line":203,"column":13}},"type":"if","locations":[{"start":{"line":201,"column":12},"end":{"line":203,"column":13}},{"start":{},"end":{}}],"line":201},"14":{"loc":{"start":{"line":205,"column":12},"end":{"line":207,"column":13}},"type":"if","locations":[{"start":{"line":205,"column":12},"end":{"line":207,"column":13}},{"start":{},"end":{}}],"line":205},"15":{"loc":{"start":{"line":210,"column":12},"end":{"line":212,"column":13}},"type":"if","locations":[{"start":{"line":210,"column":12},"end":{"line":212,"column":13}},{"start":{},"end":{}}],"line":210},"16":{"loc":{"start":{"line":217,"column":12},"end":{"line":219,"column":13}},"type":"if","locations":[{"start":{"line":217,"column":12},"end":{"line":219,"column":13}},{"start":{},"end":{}}],"line":217},"17":{"loc":{"start":{"line":245,"column":12},"end":{"line":247,"column":13}},"type":"if","locations":[{"start":{"line":245,"column":12},"end":{"line":247,"column":13}},{"start":{},"end":{}}],"line":245},"18":{"loc":{"start":{"line":252,"column":12},"end":{"line":254,"column":13}},"type":"if","locations":[{"start":{"line":252,"column":12},"end":{"line":254,"column":13}},{"start":{},"end":{}}],"line":252},"19":{"loc":{"start":{"line":280,"column":12},"end":{"line":282,"column":13}},"type":"if","locations":[{"start":{"line":280,"column":12},"end":{"line":282,"column":13}},{"start":{},"end":{}}],"line":280},"20":{"loc":{"start":{"line":293,"column":26},"end":{"line":293,"column":69}},"type":"cond-expr","locations":[{"start":{"line":293,"column":47},"end":{"line":293,"column":55}},{"start":{"line":293,"column":58},"end":{"line":293,"column":69}}],"line":293},"21":{"loc":{"start":{"line":317,"column":43},"end":{"line":317,"column":67}},"type":"binary-expr","locations":[{"start":{"line":317,"column":43},"end":{"line":317,"column":59}},{"start":{"line":317,"column":63},"end":{"line":317,"column":67}}],"line":317}},"s":{"0":1,"1":1,"2":1,"3":1,"4":1,"5":1,"6":1,"7":1,"8":1,"9":0,"10":1,"11":1,"12":1,"13":1,"14":0,"15":1,"16":1,"17":1,"18":0,"19":1,"20":0,"21":1,"22":1,"23":1,"24":1,"25":0,"26":0,"27":0,"28":0,"29":0,"30":0,"31":0,"32":0,"33":0,"34":0,"35":0,"36":0,"37":0,"38":0,"39":0,"40":0,"41":0,"42":0,"43":0,"44":0,"45":0,"46":0,"47":0,"48":0,"49":0,"50":0,"51":0,"52":0,"53":0,"54":0,"55":0,"56":0,"57":0,"58":0,"59":0,"60":0,"61":0,"62":0,"63":0,"64":0,"65":0,"66":0,"67":0,"68":0,"69":0,"70":0,"71":0,"72":0,"73":0,"74":0,"75":0,"76":0,"77":0,"78":0,"79":0,"80":0,"81":0,"82":0,"83":0,"84":0,"85":0,"86":0,"87":0,"88":0,"89":0,"90":0,"91":0,"92":0,"93":0,"94":0,"95":0,"96":0,"97":0,"98":0,"99":0,"100":0,"101":0,"102":0,"103":0,"104":0,"105":0,"106":0,"107":0,"108":1},"f":{"0":1,"1":0,"2":0,"3":0,"4":0,"5":0,"6":0,"7":0,"8":0,"9":0,"10":0,"11":0,"12":0},"b":{"0":[0,1],"1":[0,1],"2":[0,1],"3":[0,1],"4":[0,0],"5":[0,0],"6":[0,0],"7":[0],"8":[0,0],"9":[0,0],"10":[0,0],"11":[0,0],"12":[0,0],"13":[0,0],"14":[0,0],"15":[0,0],"16":[0,0],"17":[0,0],"18":[0,0],"19":[0,0],"20":[0,0],"21":[0,0]},"_coverageSchema":"1a1c01bbd47fc00a2c39e90264f33305004495a9","hash":"5901067613fff3fe9226cf008cc565084dc0c364"}
,"/home/ramonsouto/projetos/agenda/backend/src/utils/constants.js": {"path":"/home/ramonsouto/projetos/agenda/backend/src/utils/constants.js","statementMap":{"0":{"start":{"line":1,"column":0},"end":{"line":89,"column":2}}},"fnMap":{},"branchMap":{},"s":{"0":1},"f":{},"b":{},"_coverageSchema":"1a1c01bbd47fc00a2c39e90264f33305004495a9","hash":"58816bb4e2863ecec640af751d6db07d4b614bbb"}
}
