TN:
SF:src/config/database.js
FN:5,(anonymous_0)
FN:9,(anonymous_1)
FN:27,(anonymous_2)
FN:34,(anonymous_3)
FN:44,(anonymous_4)
FN:59,(anonymous_5)
FNF:6
FNH:1
FNDA:4,(anonymous_0)
FNDA:0,(anonymous_1)
FNDA:0,(anonymous_2)
FNDA:0,(anonymous_3)
FNDA:0,(anonymous_4)
FNDA:0,(anonymous_5)
DA:1,4
DA:2,4
DA:6,4
DA:10,0
DA:11,0
DA:13,0
DA:16,0
DA:17,0
DA:18,0
DA:20,0
DA:22,0
DA:23,0
DA:28,0
DA:29,0
DA:31,0
DA:35,0
DA:36,0
DA:37,0
DA:38,0
DA:40,0
DA:45,0
DA:46,0
DA:47,0
DA:48,0
DA:49,0
DA:50,0
DA:52,0
DA:53,0
DA:55,0
DA:60,0
DA:61,0
DA:62,0
DA:67,4
LF:33
LH:4
BRDA:28,0,0,0
BRDA:28,0,1,0
BRDA:34,1,0,0
BRDA:60,2,0,0
BRDA:60,2,1,0
BRF:5
BRH:0
end_of_record
TN:
SF:src/config/env.js
FNF:0
FNH:0
DA:1,6
DA:2,6
DA:4,6
DA:6,6
LF:4
LH:4
BRDA:7,0,0,6
BRDA:7,0,1,0
BRDA:8,1,0,6
BRDA:8,1,1,0
BRDA:9,2,0,6
BRDA:9,2,1,0
BRDA:12,3,0,6
BRDA:12,3,1,0
BRDA:13,4,0,6
BRDA:13,4,1,0
BRDA:14,5,0,6
BRDA:14,5,1,0
BRDA:15,6,0,6
BRDA:15,6,1,0
BRDA:16,7,0,6
BRDA:16,7,1,0
BRDA:23,8,0,6
BRDA:23,8,1,0
BRDA:24,9,0,6
BRDA:24,9,1,0
BRDA:28,10,0,6
BRDA:28,10,1,0
BRDA:29,11,0,6
BRDA:29,11,1,0
BRDA:33,12,0,6
BRDA:33,12,1,6
BRDA:34,13,0,6
BRDA:34,13,1,0
BRDA:35,14,0,6
BRDA:35,14,1,0
BRF:30
BRH:16
end_of_record
TN:
SF:src/models/LogModel.js
FN:4,(anonymous_0)
FN:26,(anonymous_1)
FN:69,(anonymous_2)
FN:80,(anonymous_3)
FN:102,(anonymous_4)
FN:117,(anonymous_5)
FNF:6
FNH:0
FNDA:0,(anonymous_0)
FNDA:0,(anonymous_1)
FNDA:0,(anonymous_2)
FNDA:0,(anonymous_3)
FNDA:0,(anonymous_4)
FNDA:0,(anonymous_5)
DA:1,2
DA:5,0
DA:12,0
DA:22,0
DA:23,0
DA:27,0
DA:37,0
DA:39,0
DA:40,0
DA:41,0
DA:44,0
DA:45,0
DA:46,0
DA:49,0
DA:50,0
DA:51,0
DA:54,0
DA:55,0
DA:56,0
DA:59,0
DA:61,0
DA:62,0
DA:63,0
DA:66,0
DA:70,0
DA:77,0
DA:81,0
DA:90,0
DA:92,0
DA:93,0
DA:94,0
DA:97,0
DA:99,0
DA:103,0
DA:114,0
DA:118,0
DA:131,0
DA:135,2
LF:38
LH:2
BRDA:13,0,0,0
BRDA:13,0,1,0
BRDA:16,1,0,0
BRDA:16,1,1,0
BRDA:17,2,0,0
BRDA:17,2,1,0
BRDA:18,3,0,0
BRDA:18,3,1,0
BRDA:19,4,0,0
BRDA:19,4,1,0
BRDA:26,5,0,0
BRDA:39,6,0,0
BRDA:39,6,1,0
BRDA:44,7,0,0
BRDA:44,7,1,0
BRDA:49,8,0,0
BRDA:49,8,1,0
BRDA:54,9,0,0
BRDA:54,9,1,0
BRDA:54,10,0,0
BRDA:54,10,1,0
BRDA:61,11,0,0
BRDA:61,11,1,0
BRDA:69,12,0,0
BRDA:80,13,0,0
BRDA:92,14,0,0
BRDA:92,14,1,0
BRF:27
BRH:0
end_of_record
TN:
SF:src/models/PessoaModel.js
FN:4,(anonymous_0)
FN:40,(anonymous_1)
FN:53,(anonymous_2)
FN:66,(anonymous_3)
FN:79,(anonymous_4)
FN:110,(anonymous_5)
FN:114,(anonymous_6)
FN:137,(anonymous_7)
FN:148,(anonymous_8)
FN:158,(anonymous_9)
FN:168,(anonymous_10)
FN:180,(anonymous_11)
FNF:12
FNH:0
FNDA:0,(anonymous_0)
FNDA:0,(anonymous_1)
FNDA:0,(anonymous_2)
FNDA:0,(anonymous_3)
FNDA:0,(anonymous_4)
FNDA:0,(anonymous_5)
FNDA:0,(anonymous_6)
FNDA:0,(anonymous_7)
FNDA:0,(anonymous_8)
FNDA:0,(anonymous_9)
FNDA:0,(anonymous_10)
FNDA:0,(anonymous_11)
DA:1,2
DA:5,0
DA:14,0
DA:36,0
DA:37,0
DA:41,0
DA:49,0
DA:50,0
DA:54,0
DA:62,0
DA:63,0
DA:67,0
DA:76,0
DA:80,0
DA:88,0
DA:90,0
DA:91,0
DA:92,0
DA:95,0
DA:96,0
DA:97,0
DA:100,0
DA:101,0
DA:102,0
DA:105,0
DA:107,0
DA:111,0
DA:112,0
DA:114,0
DA:115,0
DA:116,0
DA:117,0
DA:121,0
DA:122,0
DA:125,0
DA:127,0
DA:133,0
DA:134,0
DA:138,0
DA:144,0
DA:145,0
DA:149,0
DA:155,0
DA:159,0
DA:165,0
DA:169,0
DA:177,0
DA:181,0
DA:187,0
DA:188,0
DA:192,2
LF:51
LH:2
BRDA:16,0,0,0
BRDA:16,0,1,0
BRDA:24,1,0,0
BRDA:24,1,1,0
BRDA:28,2,0,0
BRDA:28,2,1,0
BRDA:29,3,0,0
BRDA:29,3,1,0
BRDA:30,4,0,0
BRDA:30,4,1,0
BRDA:32,5,0,0
BRDA:32,5,1,0
BRDA:33,6,0,0
BRDA:33,6,1,0
BRDA:50,7,0,0
BRDA:50,7,1,0
BRDA:63,8,0,0
BRDA:63,8,1,0
BRDA:79,9,0,0
BRDA:90,10,0,0
BRDA:90,10,1,0
BRDA:95,11,0,0
BRDA:95,11,1,0
BRDA:100,12,0,0
BRDA:100,12,1,0
BRDA:115,13,0,0
BRDA:115,13,1,0
BRDA:115,14,0,0
BRDA:115,14,1,0
BRDA:121,15,0,0
BRDA:121,15,1,0
BRDA:188,16,0,0
BRDA:188,16,1,0
BRF:33
BRH:0
end_of_record
TN:
SF:src/services/AuthService.js
FN:10,(anonymous_0)
FN:156,(anonymous_1)
FN:168,(anonymous_2)
FN:203,(anonymous_3)
FN:239,(anonymous_4)
FN:247,(anonymous_5)
FNF:6
FNH:3
FNDA:5,(anonymous_0)
FNDA:0,(anonymous_1)
FNDA:3,(anonymous_2)
FNDA:2,(anonymous_3)
FNDA:0,(anonymous_4)
FNDA:0,(anonymous_5)
DA:1,1
DA:2,1
DA:3,1
DA:4,1
DA:5,1
DA:6,1
DA:7,1
DA:11,5
DA:13,5
DA:15,5
DA:16,1
DA:24,1
DA:28,4
DA:29,3
DA:33,1
DA:40,1
DA:41,1
DA:45,0
DA:47,0
DA:48,0
DA:53,0
DA:54,0
DA:55,0
DA:60,0
DA:65,0
DA:67,0
DA:68,0
DA:70,0
DA:72,0
DA:73,0
DA:75,0
DA:89,0
DA:92,0
DA:107,0
DA:113,0
DA:116,0
DA:127,0
DA:138,0
DA:140,0
DA:152,5
DA:157,0
DA:169,3
DA:170,3
DA:172,3
DA:173,1
DA:177,2
DA:179,2
DA:180,1
DA:184,1
DA:187,1
DA:189,1
DA:197,1
DA:199,2
DA:204,2
DA:205,2
DA:207,2
DA:208,1
DA:212,1
DA:215,1
DA:221,1
DA:233,1
DA:235,1
DA:240,0
DA:241,0
DA:243,0
DA:248,0
DA:250,0
DA:251,0
DA:254,0
DA:255,0
DA:258,0
DA:259,0
DA:262,0
DA:266,1
LF:74
LH:40
BRDA:15,0,0,1
BRDA:15,0,1,4
BRDA:28,1,0,3
BRDA:28,1,1,1
BRDA:40,2,0,1
BRDA:40,2,1,0
BRDA:47,3,0,0
BRDA:47,3,1,0
BRDA:53,4,0,0
BRDA:53,4,1,0
BRDA:67,5,0,0
BRDA:67,5,1,0
BRDA:72,6,0,0
BRDA:72,6,1,0
BRDA:172,7,0,1
BRDA:172,7,1,2
BRDA:179,8,0,1
BRDA:179,8,1,1
BRDA:207,9,0,1
BRDA:207,9,1,1
BRDA:250,10,0,0
BRDA:250,10,1,0
BRDA:255,11,0,0
BRDA:255,11,1,0
BRDA:258,12,0,0
BRDA:258,12,1,0
BRF:26
BRH:11
end_of_record
TN:
SF:src/services/LogService.js
FN:4,(anonymous_0)
FN:15,(anonymous_1)
FN:23,(anonymous_2)
FN:31,(anonymous_3)
FN:39,(anonymous_4)
FN:47,(anonymous_5)
FN:55,(anonymous_6)
FN:60,(anonymous_7)
FN:69,(anonymous_8)
FN:84,(anonymous_9)
FN:99,(anonymous_10)
FNF:11
FNH:0
FNDA:0,(anonymous_0)
FNDA:0,(anonymous_1)
FNDA:0,(anonymous_2)
FNDA:0,(anonymous_3)
FNDA:0,(anonymous_4)
FNDA:0,(anonymous_5)
FNDA:0,(anonymous_6)
FNDA:0,(anonymous_7)
FNDA:0,(anonymous_8)
FNDA:0,(anonymous_9)
FNDA:0,(anonymous_10)
DA:1,2
DA:5,0
DA:6,0
DA:7,0
DA:10,0
DA:11,0
DA:16,0
DA:17,0
DA:19,0
DA:24,0
DA:25,0
DA:27,0
DA:32,0
DA:33,0
DA:35,0
DA:40,0
DA:41,0
DA:43,0
DA:48,0
DA:49,0
DA:51,0
DA:56,0
DA:57,0
DA:60,0
DA:61,0
DA:62,0
DA:64,0
DA:65,0
DA:69,0
DA:70,0
DA:72,0
DA:73,0
DA:79,0
DA:80,0
DA:84,0
DA:85,0
DA:86,0
DA:88,0
DA:89,0
DA:92,0
DA:99,0
DA:105,0
DA:110,2
LF:43
LH:2
BRDA:15,0,0,0
BRDA:23,1,0,0
BRDA:31,2,0,0
BRDA:55,3,0,0
BRDA:61,4,0,0
BRDA:61,4,1,0
BRDA:70,5,0,0
BRDA:70,5,1,0
BRDA:72,6,0,0
BRDA:72,6,1,0
BRDA:85,7,0,0
BRDA:85,7,1,0
BRF:12
BRH:0
end_of_record
TN:
SF:src/services/PessoaService.js
FN:9,(anonymous_0)
FN:61,(anonymous_1)
FN:88,(anonymous_2)
FN:122,(anonymous_3)
FN:138,(anonymous_4)
FN:145,(anonymous_5)
FN:161,(anonymous_6)
FN:168,(anonymous_7)
FN:233,(anonymous_8)
FN:268,(anonymous_9)
FN:297,(anonymous_10)
FN:303,(anonymous_11)
FN:322,(anonymous_12)
FNF:13
FNH:5
FNDA:0,(anonymous_0)
FNDA:3,(anonymous_1)
FNDA:0,(anonymous_2)
FNDA:2,(anonymous_3)
FNDA:4,(anonymous_4)
FNDA:0,(anonymous_5)
FNDA:0,(anonymous_6)
FNDA:3,(anonymous_7)
FNDA:2,(anonymous_8)
FNDA:0,(anonymous_9)
FNDA:0,(anonymous_10)
FNDA:0,(anonymous_11)
FNDA:0,(anonymous_12)
DA:1,1
DA:2,1
DA:3,1
DA:4,1
DA:5,1
DA:6,1
DA:10,0
DA:12,0
DA:14,0
DA:15,0
DA:19,0
DA:20,0
DA:21,0
DA:22,0
DA:23,0
DA:27,0
DA:28,0
DA:29,0
DA:33,0
DA:34,0
DA:38,0
DA:41,0
DA:53,0
DA:54,0
DA:57,0
DA:62,3
DA:63,3
DA:65,3
DA:66,1
DA:70,2
DA:81,2
DA:84,1
DA:89,0
DA:90,0
DA:92,0
DA:93,0
DA:96,0
DA:98,0
DA:99,0
DA:103,0
DA:115,0
DA:118,0
DA:123,2
DA:124,2
DA:127,2
DA:138,4
DA:141,0
DA:146,0
DA:147,0
DA:150,0
DA:161,0
DA:164,0
DA:169,3
DA:170,3
DA:172,3
DA:173,1
DA:177,2
DA:178,1
DA:181,1
DA:182,1
DA:183,1
DA:184,0
DA:189,2
DA:190,0
DA:193,2
DA:194,0
DA:197,2
DA:198,0
DA:202,2
DA:203,0
DA:207,2
DA:209,2
DA:210,0
DA:214,2
DA:225,2
DA:226,2
DA:229,1
DA:234,2
DA:235,2
DA:237,2
DA:238,1
DA:242,1
DA:244,1
DA:245,0
DA:249,1
DA:261,1
DA:264,1
DA:269,0
DA:270,0
DA:272,0
DA:273,0
DA:276,0
DA:279,0
DA:290,0
DA:293,0
DA:298,0
DA:299,0
DA:300,0
DA:302,0
DA:304,0
DA:306,0
DA:315,0
DA:322,0
DA:326,0
DA:329,0
DA:334,1
LF:106
LH:46
BRDA:14,0,0,0
BRDA:14,0,1,0
BRDA:22,1,0,0
BRDA:22,1,1,0
BRDA:28,2,0,0
BRDA:28,2,1,0
BRDA:33,3,0,0
BRDA:33,3,1,0
BRDA:65,4,0,1
BRDA:65,4,1,2
BRDA:92,5,0,0
BRDA:92,5,1,0
BRDA:98,6,0,0
BRDA:98,6,1,0
BRDA:122,7,0,0
BRDA:172,8,0,1
BRDA:172,8,1,2
BRDA:177,9,0,1
BRDA:177,9,1,1
BRDA:181,10,0,1
BRDA:181,10,1,0
BRDA:183,11,0,0
BRDA:183,11,1,1
BRDA:189,12,0,0
BRDA:189,12,1,2
BRDA:193,13,0,0
BRDA:193,13,1,2
BRDA:197,14,0,0
BRDA:197,14,1,2
BRDA:202,15,0,0
BRDA:202,15,1,2
BRDA:209,16,0,0
BRDA:209,16,1,2
BRDA:237,17,0,1
BRDA:237,17,1,1
BRDA:244,18,0,0
BRDA:244,18,1,1
BRDA:272,19,0,0
BRDA:272,19,1,0
BRDA:285,20,0,0
BRDA:285,20,1,0
BRDA:309,21,0,0
BRDA:309,21,1,0
BRF:43
BRH:16
end_of_record
TN:
SF:src/tests/helpers/testHelpers.js
FN:11,(anonymous_0)
FN:21,(anonymous_1)
FN:54,(anonymous_2)
FN:61,(anonymous_3)
FN:72,(anonymous_4)
FN:101,(anonymous_5)
FN:123,(anonymous_6)
FN:148,(anonymous_7)
FN:155,(anonymous_8)
FN:168,(anonymous_9)
FN:234,(anonymous_10)
FN:235,(anonymous_11)
FNF:12
FNH:2
FNDA:0,(anonymous_0)
FNDA:0,(anonymous_1)
FNDA:0,(anonymous_2)
FNDA:0,(anonymous_3)
FNDA:5,(anonymous_4)
FNDA:0,(anonymous_5)
FNDA:5,(anonymous_6)
FNDA:0,(anonymous_7)
FNDA:0,(anonymous_8)
FNDA:0,(anonymous_9)
FNDA:0,(anonymous_10)
FNDA:0,(anonymous_11)
DA:1,2
DA:2,2
DA:3,2
DA:4,2
DA:12,0
DA:22,0
DA:55,0
DA:62,0
DA:73,5
DA:91,5
DA:92,1
DA:95,5
DA:102,0
DA:103,0
DA:105,0
DA:124,5
DA:125,5
DA:126,5
DA:127,5
DA:128,5
DA:129,5
DA:130,5
DA:131,5
DA:132,5
DA:134,5
DA:135,5
DA:136,5
DA:138,5
DA:139,5
DA:140,5
DA:142,5
DA:149,0
DA:156,0
DA:157,0
DA:158,0
DA:159,0
DA:160,0
DA:161,0
DA:162,0
DA:170,0
DA:175,0
DA:178,0
DA:180,0
DA:208,0
DA:210,0
DA:211,0
DA:225,0
DA:228,0
DA:235,0
DA:239,2
LF:50
LH:25
BRDA:72,0,0,0
BRDA:91,1,0,1
BRDA:91,1,1,4
BRDA:136,2,0,0
BRDA:136,2,1,5
BRDA:140,3,0,0
BRDA:140,3,1,5
BRDA:221,4,0,0
BRDA:221,4,1,0
BRF:9
BRH:4
end_of_record
TN:
SF:src/utils/constants.js
FNF:0
FNH:0
DA:1,2
LF:1
LH:1
BRF:0
BRH:0
end_of_record
TN:
SF:src/utils/formatters.js
FN:5,(anonymous_0)
FN:9,(anonymous_1)
FN:13,(anonymous_2)
FN:20,(anonymous_3)
FN:25,(anonymous_4)
FN:30,(anonymous_5)
FN:34,(anonymous_6)
FN:38,(anonymous_7)
FN:42,(anonymous_8)
FN:44,(anonymous_9)
FNF:10
FNH:3
FNDA:0,(anonymous_0)
FNDA:0,(anonymous_1)
FNDA:0,(anonymous_2)
FNDA:0,(anonymous_3)
FNDA:0,(anonymous_4)
FNDA:1,(anonymous_5)
FNDA:0,(anonymous_6)
FNDA:0,(anonymous_7)
FNDA:8,(anonymous_8)
FNDA:16,(anonymous_9)
DA:1,1
DA:2,1
DA:4,1
DA:6,0
DA:10,0
DA:14,0
DA:15,0
DA:17,0
DA:21,0
DA:22,0
DA:26,0
DA:27,0
DA:31,1
DA:35,0
DA:39,0
DA:43,8
DA:44,8
DA:45,16
DA:46,3
DA:49,8
LF:20
LH:9
BRDA:14,0,0,0
BRDA:14,0,1,0
BRDA:20,1,0,0
BRDA:21,2,0,0
BRDA:21,2,1,0
BRDA:22,3,0,0
BRDA:22,3,1,0
BRDA:25,4,0,0
BRDA:26,5,0,0
BRDA:26,5,1,0
BRDA:27,6,0,0
BRDA:27,6,1,0
BRDA:42,7,0,8
BRDA:45,8,0,3
BRDA:45,8,1,13
BRF:15
BRH:3
end_of_record
TN:
SF:src/utils/validators.js
FN:5,(anonymous_0)
FN:41,(anonymous_1)
FNF:2
FNH:0
FNDA:0,(anonymous_0)
FNDA:0,(anonymous_1)
DA:1,1
DA:3,1
DA:6,0
DA:8,0
DA:9,0
DA:12,0
DA:15,0
DA:16,0
DA:19,0
DA:20,0
DA:21,0
DA:23,0
DA:24,0
DA:25,0
DA:28,0
DA:29,0
DA:30,0
DA:32,0
DA:42,0
DA:43,0
DA:45,0
DA:96,1
LF:22
LH:3
BRDA:8,0,0,0
BRDA:8,0,1,0
BRDA:8,1,0,0
BRDA:8,1,1,0
BRDA:20,2,0,0
BRDA:20,2,1,0
BRDA:20,3,0,0
BRDA:20,3,1,0
BRDA:21,4,0,0
BRDA:21,4,1,0
BRDA:29,5,0,0
BRDA:29,5,1,0
BRDA:29,6,0,0
BRDA:29,6,1,0
BRDA:30,7,0,0
BRDA:30,7,1,0
BRDA:42,8,0,0
BRDA:42,8,1,0
BRF:18
BRH:0
end_of_record
