TN:
SF:src/services/PessoaService.js
FN:9,(anonymous_0)
FN:69,(anonymous_1)
FN:96,(anonymous_2)
FN:130,(anonymous_3)
FN:146,(anonymous_4)
FN:153,(anonymous_5)
FN:169,(anonymous_6)
FN:176,(anonymous_7)
FN:241,(anonymous_8)
FN:276,(anonymous_9)
FN:305,(anonymous_10)
FN:311,(anonymous_11)
FN:330,(anonymous_12)
FNF:13
FNH:1
FNDA:1,(anonymous_0)
FNDA:0,(anonymous_1)
FNDA:0,(anonymous_2)
FNDA:0,(anonymous_3)
FNDA:0,(anonymous_4)
FNDA:0,(anonymous_5)
FNDA:0,(anonymous_6)
FNDA:0,(anonymous_7)
FNDA:0,(anonymous_8)
FNDA:0,(anonymous_9)
FNDA:0,(anonymous_10)
FNDA:0,(anonymous_11)
FNDA:0,(anonymous_12)
DA:1,1
DA:2,1
DA:3,1
DA:4,1
DA:5,1
DA:6,1
DA:10,1
DA:13,1
DA:15,1
DA:16,0
DA:20,1
DA:21,1
DA:23,1
DA:24,1
DA:25,0
DA:29,1
DA:31,1
DA:33,1
DA:34,0
DA:38,1
DA:39,0
DA:45,1
DA:48,1
DA:60,1
DA:62,1
DA:65,0
DA:70,0
DA:71,0
DA:73,0
DA:74,0
DA:78,0
DA:89,0
DA:92,0
DA:97,0
DA:98,0
DA:100,0
DA:101,0
DA:104,0
DA:106,0
DA:107,0
DA:111,0
DA:123,0
DA:126,0
DA:131,0
DA:132,0
DA:135,0
DA:146,0
DA:149,0
DA:154,0
DA:155,0
DA:158,0
DA:169,0
DA:172,0
DA:177,0
DA:178,0
DA:180,0
DA:181,0
DA:185,0
DA:186,0
DA:189,0
DA:190,0
DA:191,0
DA:192,0
DA:197,0
DA:198,0
DA:201,0
DA:202,0
DA:205,0
DA:206,0
DA:210,0
DA:211,0
DA:215,0
DA:217,0
DA:218,0
DA:222,0
DA:233,0
DA:234,0
DA:237,0
DA:242,0
DA:243,0
DA:245,0
DA:246,0
DA:250,0
DA:252,0
DA:253,0
DA:257,0
DA:269,0
DA:272,0
DA:277,0
DA:278,0
DA:280,0
DA:281,0
DA:284,0
DA:287,0
DA:298,0
DA:301,0
DA:306,0
DA:307,0
DA:308,0
DA:310,0
DA:312,0
DA:314,0
DA:323,0
DA:330,0
DA:334,0
DA:337,0
DA:342,1
LF:107
LH:22
BRDA:15,0,0,0
BRDA:15,0,1,1
BRDA:24,1,0,0
BRDA:24,1,1,1
BRDA:33,2,0,0
BRDA:33,2,1,1
BRDA:38,3,0,0
BRDA:38,3,1,1
BRDA:73,4,0,0
BRDA:73,4,1,0
BRDA:100,5,0,0
BRDA:100,5,1,0
BRDA:106,6,0,0
BRDA:106,6,1,0
BRDA:130,7,0,0
BRDA:180,8,0,0
BRDA:180,8,1,0
BRDA:185,9,0,0
BRDA:185,9,1,0
BRDA:189,10,0,0
BRDA:189,10,1,0
BRDA:191,11,0,0
BRDA:191,11,1,0
BRDA:197,12,0,0
BRDA:197,12,1,0
BRDA:201,13,0,0
BRDA:201,13,1,0
BRDA:205,14,0,0
BRDA:205,14,1,0
BRDA:210,15,0,0
BRDA:210,15,1,0
BRDA:217,16,0,0
BRDA:217,16,1,0
BRDA:245,17,0,0
BRDA:245,17,1,0
BRDA:252,18,0,0
BRDA:252,18,1,0
BRDA:280,19,0,0
BRDA:280,19,1,0
BRDA:293,20,0,0
BRDA:293,20,1,0
BRDA:317,21,0,0
BRDA:317,21,1,0
BRF:43
BRH:4
end_of_record
TN:
SF:src/utils/constants.js
FNF:0
FNH:0
DA:1,1
LF:1
LH:1
BRF:0
BRH:0
end_of_record
